\BOOKMARK [0][-]{section*.2}{\376\377\000L\000E\000M\000B\000A\000R\000\040\000P\000E\000N\000G\000E\000S\000A\000H\000A\000N}{}% 1
\BOOKMARK [0][-]{section*.3}{\376\377\000L\000E\000M\000B\000A\000R\000\040\000P\000E\000R\000N\000Y\000A\000T\000A\000A\000N\000\040\000O\000R\000I\000S\000I\000N\000A\000L\000I\000T\000A\000S}{}% 2
\BOOKMARK [0][-]{section*.4}{\376\377\000A\000B\000S\000T\000R\000A\000K}{}% 3
\BOOKMARK [0][-]{section*.5}{\376\377\000K\000a\000t\000a\000\040\000P\000e\000n\000g\000a\000n\000t\000a\000r}{}% 4
\BOOKMARK [0][-]{Item.9}{\376\377\000D\000A\000F\000T\000A\000R\000\040\000I\000S\000I}{}% 5
\BOOKMARK [0][-]{Item.9}{\376\377\000D\000A\000F\000T\000A\000R\000\040\000G\000A\000M\000B\000A\000R}{}% 6
\BOOKMARK [0][-]{Item.9}{\376\377\000D\000A\000F\000T\000A\000R\000\040\000T\000A\000B\000E\000L}{}% 7
\BOOKMARK [0][-]{section*.6}{\376\377\000D\000A\000F\000T\000A\000R\000\040\000L\000A\000M\000P\000I\000R\000A\000N}{}% 8
\BOOKMARK [0][-]{section*.7}{\376\377\000D\000A\000F\000T\000A\000R\000\040\000I\000S\000T\000I\000L\000A\000H}{}% 9
\BOOKMARK [0][-]{chapter.1}{\376\377\000I\000\040\000P\000e\000n\000d\000a\000h\000u\000l\000u\000a\000n}{}% 10
\BOOKMARK [1][-]{section.1.1}{\376\377\0001\000.\0001\000\040\000L\000a\000t\000a\000r\000\040\000B\000e\000l\000a\000k\000a\000n\000g}{chapter.1}% 11
\BOOKMARK [1][-]{section.1.2}{\376\377\0001\000.\0002\000\040\000R\000u\000m\000u\000s\000a\000n\000\040\000M\000a\000s\000a\000l\000a\000h}{chapter.1}% 12
\BOOKMARK [1][-]{section.1.3}{\376\377\0001\000.\0003\000\040\000T\000u\000j\000u\000a\000n\000\040\000d\000a\000n\000\040\000M\000a\000n\000f\000a\000a\000t}{chapter.1}% 13
\BOOKMARK [1][-]{section.1.4}{\376\377\0001\000.\0004\000\040\000B\000a\000t\000a\000s\000a\000n\000\040\000M\000a\000s\000a\000l\000a\000h}{chapter.1}% 14
\BOOKMARK [1][-]{section.1.5}{\376\377\0001\000.\0005\000\040\000S\000i\000s\000t\000e\000m\000a\000t\000i\000k\000a\000\040\000P\000e\000n\000e\000l\000i\000t\000i\000a\000n}{chapter.1}% 15
\BOOKMARK [0][-]{chapter.2}{\376\377\000I\000I\000\040\000L\000a\000n\000d\000a\000s\000a\000n\000\040\000T\000e\000o\000r\000i}{}% 16
\BOOKMARK [1][-]{section.2.1}{\376\377\0002\000.\0001\000\040\000K\000a\000j\000i\000a\000n\000\040\000P\000e\000n\000e\000l\000i\000t\000i\000a\000n\000\040\000T\000e\000r\000k\000a\000i\000t}{chapter.2}% 17
\BOOKMARK [1][-]{section.2.2}{\376\377\0002\000.\0002\000\040\000R\000a\000d\000a\000r}{chapter.2}% 18
\BOOKMARK [1][-]{section.2.3}{\376\377\0002\000.\0003\000\040\000P\000e\000n\000g\000o\000l\000a\000h\000a\000n\000\040\000S\000i\000n\000y\000a\000l\000\040\000R\000a\000d\000a\000r}{chapter.2}% 19
\BOOKMARK [2][-]{subsection.2.3.1}{\376\377\0002\000.\0003\000.\0001\000\040\000B\000e\000n\000t\000u\000k\000\040\000G\000e\000l\000o\000m\000b\000a\000n\000g\000\040\000R\000a\000d\000a\000r}{section.2.3}% 20
\BOOKMARK [2][-]{subsection.2.3.2}{\376\377\0002\000.\0003\000.\0002\000\040\000F\000r\000e\000q\000u\000e\000n\000c\000y\000\040\000M\000o\000d\000u\000l\000a\000t\000e\000d\000\040\000C\000o\000n\000t\000i\000n\000u\000o\000u\000s\000\040\000W\000a\000v\000e\000\040\000R\000a\000d\000a\000r}{section.2.3}% 21
\BOOKMARK [2][-]{subsection.2.3.3}{\376\377\0002\000.\0003\000.\0003\000\040\000L\000i\000n\000e\000a\000r\000\040\000F\000r\000e\000q\000u\000e\000n\000c\000y\000\040\000M\000o\000d\000u\000l\000a\000t\000e\000d\000\040\000C\000o\000n\000t\000i\000n\000u\000o\000u\000s\000\040\000W\000a\000v\000e\000\040\000R\000a\000d\000a\000r}{section.2.3}% 22
\BOOKMARK [2][-]{subsection.2.3.4}{\376\377\0002\000.\0003\000.\0004\000\040\000T\000e\000k\000n\000i\000k\000\040\000P\000e\000n\000g\000o\000l\000a\000h\000a\000n\000\040\000S\000i\000n\000y\000a\000l}{section.2.3}% 23
\BOOKMARK [2][-]{subsection.2.3.5}{\376\377\0002\000.\0003\000.\0005\000\040\000P\000e\000r\000h\000i\000t\000u\000n\000g\000a\000n\000\040\000E\000r\000r\000o\000r}{section.2.3}% 24
\BOOKMARK [1][-]{section.2.4}{\376\377\0002\000.\0004\000\040\000S\000o\000f\000t\000w\000a\000r\000e\000\040\000D\000e\000f\000i\000n\000e\000d\000\040\000R\000a\000d\000i\000o}{chapter.2}% 25
\BOOKMARK [2][-]{subsection.2.4.1}{\376\377\0002\000.\0004\000.\0001\000\040\000U\000n\000i\000v\000e\000r\000s\000a\000l\000\040\000S\000o\000f\000t\000w\000a\000r\000e\000\040\000R\000a\000d\000i\000o\000\040\000P\000e\000r\000i\000p\000h\000e\000r\000a\000l}{section.2.4}% 26
\BOOKMARK [2][-]{subsection.2.4.2}{\376\377\0002\000.\0004\000.\0002\000\040\000G\000N\000U\000R\000a\000d\000i\000o}{section.2.4}% 27
\BOOKMARK [0][-]{chapter.3}{\376\377\000I\000I\000I\000\040\000M\000e\000t\000o\000d\000o\000l\000o\000g\000i\000\040\000P\000e\000n\000e\000l\000i\000t\000i\000a\000n}{}% 28
\BOOKMARK [1][-]{section.3.1}{\376\377\0003\000.\0001\000\040\000A\000l\000u\000r\000\040\000P\000e\000n\000e\000l\000i\000t\000i\000a\000n}{chapter.3}% 29
\BOOKMARK [1][-]{section.3.2}{\376\377\0003\000.\0002\000\040\000P\000e\000n\000e\000n\000t\000u\000a\000n\000\040\000P\000a\000r\000a\000m\000e\000t\000e\000r}{chapter.3}% 30
\BOOKMARK [1][-]{section.3.3}{\376\377\0003\000.\0003\000\040\000P\000e\000r\000a\000n\000c\000a\000n\000g\000a\000n\000\040\000S\000p\000e\000s\000i\000f\000i\000k\000a\000s\000i\000\040\000S\000i\000s\000t\000e\000m}{chapter.3}% 31
\BOOKMARK [1][-]{section.3.4}{\376\377\0003\000.\0004\000\040\000I\000m\000p\000l\000e\000m\000e\000n\000t\000a\000s\000i\000\040\000S\000i\000s\000t\000e\000m}{chapter.3}% 32
\BOOKMARK [1][-]{section.3.5}{\376\377\0003\000.\0005\000\040\000P\000e\000n\000g\000a\000m\000b\000i\000l\000a\000n\000\040\000D\000a\000t\000a}{chapter.3}% 33
\BOOKMARK [1][-]{section.3.6}{\376\377\0003\000.\0006\000\040\000K\000o\000n\000f\000i\000g\000u\000r\000a\000s\000i\000\040\000P\000e\000n\000g\000u\000j\000i\000a\000n}{chapter.3}% 34
\BOOKMARK [1][-]{section.3.7}{\376\377\0003\000.\0007\000\040\000P\000r\000e\000d\000i\000k\000s\000i\000\040\000H\000a\000s\000i\000l\000\040\000P\000e\000n\000g\000u\000j\000i\000a\000n}{chapter.3}% 35
\BOOKMARK [0][-]{chapter.4}{\376\377\000I\000V\000\040\000P\000e\000n\000g\000u\000m\000p\000u\000l\000a\000n\000\040\000d\000a\000n\000\040\000P\000e\000n\000g\000o\000l\000a\000h\000a\000n\000\040\000D\000a\000t\000a}{}% 36
\BOOKMARK [1][-]{section.4.1}{\376\377\0004\000.\0001\000\040\000D\000e\000s\000a\000i\000n\000\040\000S\000i\000s\000t\000e\000m}{chapter.4}% 37
\BOOKMARK [1][-]{section.4.2}{\376\377\0004\000.\0002\000\040\000P\000e\000n\000g\000u\000k\000u\000r\000a\000n\000\040\000A\000n\000t\000e\000n\000a}{chapter.4}% 38
\BOOKMARK [1][-]{section.4.3}{\376\377\0004\000.\0003\000\040\000P\000e\000n\000g\000a\000m\000b\000i\000l\000a\000n\000\040\000D\000a\000t\000a\000\040\000J\000a\000r\000a\000k}{chapter.4}% 39
\BOOKMARK [2][-]{subsection.4.3.1}{\376\377\0004\000.\0003\000.\0001\000\040\000J\000a\000r\000a\000k\000\040\0003\000\040\000M\000e\000t\000e\000r}{section.4.3}% 40
\BOOKMARK [2][-]{subsection.4.3.2}{\376\377\0004\000.\0003\000.\0002\000\040\000J\000a\000r\000a\000k\000\040\0006\000\040\000M\000e\000t\000e\000r}{section.4.3}% 41
\BOOKMARK [2][-]{subsection.4.3.3}{\376\377\0004\000.\0003\000.\0003\000\040\000J\000a\000r\000a\000k\000\040\0009\000\040\000M\000e\000t\000e\000r}{section.4.3}% 42
\BOOKMARK [1][-]{section.4.4}{\376\377\0004\000.\0004\000\040\000P\000e\000n\000g\000a\000m\000b\000i\000l\000a\000n\000\040\000D\000a\000t\000a\000\040\000K\000e\000c\000e\000p\000a\000t\000a\000n}{chapter.4}% 43
\BOOKMARK [2][-]{subsection.4.4.1}{\376\377\0004\000.\0004\000.\0001\000\040\000M\000e\000n\000j\000a\000u\000h\000i\000\040\000R\000a\000d\000a\000r}{section.4.4}% 44
\BOOKMARK [2][-]{subsection.4.4.2}{\376\377\0004\000.\0004\000.\0002\000\040\000M\000e\000n\000d\000e\000k\000a\000t\000i\000\040\000R\000a\000d\000a\000r}{section.4.4}% 45
\BOOKMARK [1][-]{section.4.5}{\376\377\0004\000.\0005\000\040\000P\000e\000n\000g\000o\000l\000a\000h\000a\000n\000\040\000D\000a\000t\000a\000\040\000D\000e\000n\000g\000a\000n\000\040\000M\000a\000t\000l\000a\000b}{chapter.4}% 46
\BOOKMARK [2][-]{subsection.4.5.1}{\376\377\0004\000.\0005\000.\0001\000\040\000P\000e\000n\000g\000o\000l\000a\000h\000a\000n\000\040\000D\000a\000t\000a\000\040\000J\000a\000r\000a\000k}{section.4.5}% 47
\BOOKMARK [2][-]{subsection.4.5.2}{\376\377\0004\000.\0005\000.\0002\000\040\000P\000e\000n\000g\000o\000l\000a\000h\000a\000n\000\040\000D\000a\000t\000a\000\040\000K\000e\000c\000e\000p\000a\000t\000a\000n}{section.4.5}% 48
\BOOKMARK [0][-]{chapter.5}{\376\377\000V\000\040\000A\000n\000a\000l\000i\000s\000i\000s\000\040\000d\000a\000n\000\040\000P\000e\000m\000b\000a\000h\000a\000s\000a\000n}{}% 49
\BOOKMARK [1][-]{section.5.1}{\376\377\0005\000.\0001\000\040\000H\000a\000s\000i\000l\000\040\000P\000e\000n\000g\000o\000l\000a\000h\000a\000n\000\040\000D\000a\000t\000a\000\040\000J\000a\000r\000a\000k}{chapter.5}% 50
\BOOKMARK [2][-]{subsection.5.1.1}{\376\377\0005\000.\0001\000.\0001\000\040\000D\000a\000t\000a\000\040\000J\000a\000r\000a\000k\000\040\0003\000\040\000M\000e\000t\000e\000r}{section.5.1}% 51
\BOOKMARK [2][-]{subsection.5.1.2}{\376\377\0005\000.\0001\000.\0002\000\040\000D\000a\000t\000a\000\040\000J\000a\000r\000a\000k\000\040\0006\000\040\000M\000e\000t\000e\000r}{section.5.1}% 52
\BOOKMARK [2][-]{subsection.5.1.3}{\376\377\0005\000.\0001\000.\0003\000\040\000D\000a\000t\000a\000\040\000J\000a\000r\000a\000k\000\040\0009\000\040\000M\000e\000t\000e\000r}{section.5.1}% 53
\BOOKMARK [1][-]{section.5.2}{\376\377\0005\000.\0002\000\040\000H\000a\000s\000i\000l\000\040\000P\000e\000n\000g\000o\000l\000a\000h\000a\000n\000\040\000D\000a\000t\000a\000\040\000K\000e\000c\000e\000p\000a\000t\000a\000n}{chapter.5}% 54
\BOOKMARK [2][-]{subsection.5.2.1}{\376\377\0005\000.\0002\000.\0001\000\040\000D\000a\000t\000a\000\040\000K\000e\000c\000e\000p\000a\000t\000a\000n\000\040\0005\000\040\000k\000m\000/\000h}{section.5.2}% 55
\BOOKMARK [2][-]{subsection.5.2.2}{\376\377\0005\000.\0002\000.\0002\000\040\000D\000a\000t\000a\000\040\000K\000e\000c\000e\000p\000a\000t\000a\000n\000\040\0001\0000\000\040\000k\000m\000/\000h}{section.5.2}% 56
\BOOKMARK [2][-]{subsection.5.2.3}{\376\377\0005\000.\0002\000.\0003\000\040\000D\000a\000t\000a\000\040\000K\000e\000c\000e\000p\000a\000t\000a\000n\000\040\0001\0005\000\040\000k\000m\000/\000h}{section.5.2}% 57
\BOOKMARK [2][-]{subsection.5.2.4}{\376\377\0005\000.\0002\000.\0004\000\040\000D\000a\000t\000a\000\040\000K\000e\000c\000e\000p\000a\000t\000a\000n\000\040\0002\0000\000\040\000k\000m\000/\000h}{section.5.2}% 58
\BOOKMARK [1][-]{section.5.3}{\376\377\0005\000.\0003\000\040\000A\000n\000a\000l\000i\000s\000i\000s\000\040\000H\000a\000s\000i\000l}{chapter.5}% 59
\BOOKMARK [0][-]{chapter.6}{\376\377\000V\000I\000\040\000K\000e\000s\000i\000m\000p\000u\000l\000a\000n\000\040\000d\000a\000n\000\040\000S\000a\000r\000a\000n}{}% 60
\BOOKMARK [1][-]{section.6.1}{\376\377\0006\000.\0001\000\040\000K\000e\000s\000i\000m\000p\000u\000l\000a\000n}{chapter.6}% 61
\BOOKMARK [1][-]{section.6.2}{\376\377\0006\000.\0002\000\040\000S\000a\000r\000a\000n}{chapter.6}% 62
\BOOKMARK [0][-]{Item.39}{\376\377\000D\000A\000F\000T\000A\000R\000\040\000P\000U\000S\000T\000A\000K\000A}{}% 63
\BOOKMARK [0][-]{section*.46}{\376\377\000L\000A\000M\000P\000I\000R\000A\000N}{}% 64
\BOOKMARK [0][-]{section*.47}{\376\377\000L\000a\000m\000p\000i\000r\000a\000n\000\040\000A\000\040\0001}{}% 65
\BOOKMARK [0][-]{section*.49}{\376\377\000L\000a\000m\000p\000i\000r\000a\000n\000\040\000A\000\040\0002}{}% 66
\BOOKMARK [0][-]{section*.51}{\376\377\000L\000a\000m\000p\000i\000r\000a\000n\000\040\000B}{}% 67
\BOOKMARK [0][-]{section*.52}{\376\377\000L\000a\000m\000p\000i\000r\000a\000n\000\040\000C}{}% 68
