This is pdfTeX, Version 3.141592653-2.6-1.40.25 (TeX Live 2023) (preloaded format=pdflatex 2024.3.2)  11 FEB 2025 13:10
entering extended mode
 restricted \write18 enabled.
 file:line:error style messages enabled.
 %&-line parsing enabled.
**"e:/WRITING/SCI_WRITING/TUGAS AKHIR Ver/TugasAkhir_TelU/main.tex"
(e:/WRITING/SCI_WRITING/TUGAS AKHIR Ver/TugasAkhir_TelU/main.tex
LaTeX2e <2023-11-01> patch level 1
L3 programming layer <2024-02-20>
(c:/texlive/2023/texmf-dist/tex/latex/base/report.cls
Document Class: report 2023/05/17 v1.4n Standard LaTeX document class
(c:/texlive/2023/texmf-dist/tex/latex/base/size12.clo
File: size12.clo 2023/05/17 v1.4n Standard LaTeX file (size option)
)
\c@part=\count188
\c@chapter=\count189
\c@section=\count190
\c@subsection=\count191
\c@subsubsection=\count192
\c@paragraph=\count193
\c@subparagraph=\count194
\c@figure=\count195
\c@table=\count196
\abovecaptionskip=\skip48
\belowcaptionskip=\skip49
\bibindent=\dimen140
) (./ta.sty (c:/texlive/2023/texmf-dist/tex/latex/newtx/newtxtext.sty
Package: newtxtext 2024/02/08 v1.738(Michael Sharpe) latex and unicode latex support for TeXGyreTermesX
 `newtxtext' v1.738, 2024/02/08 Text macros taking advantage of TeXGyre Termes and its extensions (msharpe) (c:/texlive/2023/texmf-dist/tex/latex/xpatch/xpatch.sty (c:/texlive/2023/texmf-dist/tex/latex/l3kernel/expl3.sty
Package: expl3 2024-02-20 L3 programming layer (loader) 
 (c:/texlive/2023/texmf-dist/tex/latex/l3backend/l3backend-pdftex.def
File: l3backend-pdftex.def 2024-02-20 L3 backend support: PDF output (pdfTeX)
\l__color_backend_stack_int=\count197
\l__pdf_internal_box=\box51
))
Package: xpatch 2020/03/25 v0.3a Extending etoolbox patching commands
 (c:/texlive/2023/texmf-dist/tex/latex/l3packages/xparse/xparse.sty
Package: xparse 2024-02-18 L3 Experimental document command parser
) (c:/texlive/2023/texmf-dist/tex/latex/etoolbox/etoolbox.sty
Package: etoolbox 2020/10/05 v2.5k e-TeX tools for LaTeX (JAW)
\etb@tempcnta=\count198
)) (c:/texlive/2023/texmf-dist/tex/latex/xcolor/xcolor.sty
Package: xcolor 2023/11/15 v3.01 LaTeX color extensions (UK)
 (c:/texlive/2023/texmf-dist/tex/latex/graphics-cfg/color.cfg
File: color.cfg 2016/01/02 v1.6 sample color configuration
)
Package xcolor Info: Driver file: pdftex.def on input line 274.
 (c:/texlive/2023/texmf-dist/tex/latex/graphics-def/pdftex.def
File: pdftex.def 2022/09/22 v1.2b Graphics/color driver for pdftex
) (c:/texlive/2023/texmf-dist/tex/latex/graphics/mathcolor.ltx)
Package xcolor Info: Model `cmy' substituted by `cmy0' on input line 1350.
Package xcolor Info: Model `hsb' substituted by `rgb' on input line 1354.
Package xcolor Info: Model `RGB' extended on input line 1366.
Package xcolor Info: Model `HTML' substituted by `rgb' on input line 1368.
Package xcolor Info: Model `Hsb' substituted by `hsb' on input line 1369.
Package xcolor Info: Model `tHsb' substituted by `hsb' on input line 1370.
Package xcolor Info: Model `HSB' substituted by `hsb' on input line 1371.
Package xcolor Info: Model `Gray' substituted by `gray' on input line 1372.
Package xcolor Info: Model `wave' substituted by `hsb' on input line 1373.
) (c:/texlive/2023/texmf-dist/tex/generic/iftex/iftex.sty
Package: iftex 2022/02/03 v1.0f TeX engine tests
) (c:/texlive/2023/texmf-dist/tex/latex/xkeyval/xkeyval.sty
Package: xkeyval 2022/06/16 v2.9 package option processing (HA)
 (c:/texlive/2023/texmf-dist/tex/generic/xkeyval/xkeyval.tex (c:/texlive/2023/texmf-dist/tex/generic/xkeyval/xkvutils.tex
\XKV@toks=\toks17
\XKV@tempa@toks=\toks18
 (c:/texlive/2023/texmf-dist/tex/generic/xkeyval/keyval.tex))
\XKV@depth=\count199
File: xkeyval.tex 2014/12/03 v2.7a key=value parser (HA)
)) (c:/texlive/2023/texmf-dist/tex/latex/base/textcomp.sty
Package: textcomp 2020/02/02 v2.0n Standard LaTeX package
) (c:/texlive/2023/texmf-dist/tex/generic/xstring/xstring.sty (c:/texlive/2023/texmf-dist/tex/generic/xstring/xstring.tex
\xs_counta=\count266
\xs_countb=\count267
)
Package: xstring 2023/08/22 v1.86 String manipulations (CT)
) (c:/texlive/2023/texmf-dist/tex/latex/base/ifthen.sty
Package: ifthen 2022/04/13 v1.1d Standard LaTeX ifthen package (DPC)
) (c:/texlive/2023/texmf-dist/tex/latex/carlisle/scalefnt.sty)
LaTeX Font Info:    Setting ntxLF sub-encoding to TS1/0 on input line 24.
LaTeX Font Info:    Setting ntxTLF sub-encoding to TS1/0 on input line 24.
LaTeX Font Info:    Setting ntxOsF sub-encoding to TS1/0 on input line 24.
LaTeX Font Info:    Setting ntxTOsF sub-encoding to TS1/0 on input line 24.
 (c:/texlive/2023/texmf-dist/tex/generic/kastrup/binhex.tex)
\ntx@tmpcnta=\count268
\ntx@cnt=\count269
 (c:/texlive/2023/texmf-dist/tex/latex/fontaxes/fontaxes.sty
Package: fontaxes 2020/07/21 v1.0e Font selection axes
LaTeX Info: Redefining \upshape on input line 29.
LaTeX Info: Redefining \itshape on input line 31.
LaTeX Info: Redefining \slshape on input line 33.
LaTeX Info: Redefining \swshape on input line 35.
LaTeX Info: Redefining \scshape on input line 37.
LaTeX Info: Redefining \sscshape on input line 39.
LaTeX Info: Redefining \ulcshape on input line 41.
LaTeX Info: Redefining \textsw on input line 47.
LaTeX Info: Redefining \textssc on input line 48.
LaTeX Info: Redefining \textulc on input line 49.
)
\tx@sixem=\dimen141
\tx@y=\dimen142
\tx@x=\dimen143
\tx@tmpdima=\dimen144
\tx@tmpdimb=\dimen145
\tx@tmpdimc=\dimen146
\tx@tmpdimd=\dimen147
\tx@tmpdime=\dimen148
\tx@tmpdimf=\dimen149
\tx@dimA=\dimen150
\tx@dimAA=\dimen151
\tx@dimB=\dimen152
\tx@dimBB=\dimen153
\tx@dimC=\dimen154
LaTeX Info: Redefining \oldstylenums on input line 896.
) (c:/texlive/2023/texmf-dist/tex/latex/amsmath/amsmath.sty
Package: amsmath 2023/05/13 v2.17o AMS math features
\@mathmargin=\skip50

For additional information on amsmath, use the `?' option.
(c:/texlive/2023/texmf-dist/tex/latex/amsmath/amstext.sty
Package: amstext 2021/08/26 v2.01 AMS text
 (c:/texlive/2023/texmf-dist/tex/latex/amsmath/amsgen.sty
File: amsgen.sty 1999/11/30 v2.0 generic functions
\@emptytoks=\toks19
\ex@=\dimen155
)) (c:/texlive/2023/texmf-dist/tex/latex/amsmath/amsbsy.sty
Package: amsbsy 1999/11/29 v1.2d Bold Symbols
\pmbraise@=\dimen156
) (c:/texlive/2023/texmf-dist/tex/latex/amsmath/amsopn.sty
Package: amsopn 2022/04/08 v2.04 operator names
)
\inf@bad=\count270
LaTeX Info: Redefining \frac on input line 234.
\uproot@=\count271
\leftroot@=\count272
LaTeX Info: Redefining \overline on input line 399.
LaTeX Info: Redefining \colon on input line 410.
\classnum@=\count273
\DOTSCASE@=\count274
LaTeX Info: Redefining \ldots on input line 496.
LaTeX Info: Redefining \dots on input line 499.
LaTeX Info: Redefining \cdots on input line 620.
\Mathstrutbox@=\box52
\strutbox@=\box53
LaTeX Info: Redefining \big on input line 722.
LaTeX Info: Redefining \Big on input line 723.
LaTeX Info: Redefining \bigg on input line 724.
LaTeX Info: Redefining \Bigg on input line 725.
\big@size=\dimen157
LaTeX Font Info:    Redeclaring font encoding OML on input line 743.
LaTeX Font Info:    Redeclaring font encoding OMS on input line 744.
\macc@depth=\count275
LaTeX Info: Redefining \bmod on input line 905.
LaTeX Info: Redefining \pmod on input line 910.
LaTeX Info: Redefining \smash on input line 940.
LaTeX Info: Redefining \relbar on input line 970.
LaTeX Info: Redefining \Relbar on input line 971.
\c@MaxMatrixCols=\count276
\dotsspace@=\muskip16
\c@parentequation=\count277
\dspbrk@lvl=\count278
\tag@help=\toks20
\row@=\count279
\column@=\count280
\maxfields@=\count281
\andhelp@=\toks21
\eqnshift@=\dimen158
\alignsep@=\dimen159
\tagshift@=\dimen160
\tagwidth@=\dimen161
\totwidth@=\dimen162
\lineht@=\dimen163
\@envbody=\toks22
\multlinegap=\skip51
\multlinetaggap=\skip52
\mathdisplay@stack=\toks23
LaTeX Info: Redefining \[ on input line 2953.
LaTeX Info: Redefining \] on input line 2954.
) (c:/texlive/2023/texmf-dist/tex/latex/titlesec/titlesec.sty
Package: titlesec 2023/10/27 v2.16 Sectioning titles
\ttl@box=\box54
\beforetitleunit=\skip53
\aftertitleunit=\skip54
\ttl@plus=\dimen164
\ttl@minus=\dimen165
\ttl@toksa=\toks24
\titlewidth=\dimen166
\titlewidthlast=\dimen167
\titlewidthfirst=\dimen168
) (c:/texlive/2023/texmf-dist/tex/latex/listings/listings.sty
\lst@mode=\count282
\lst@gtempboxa=\box55
\lst@token=\toks25
\lst@length=\count283
\lst@currlwidth=\dimen169
\lst@column=\count284
\lst@pos=\count285
\lst@lostspace=\dimen170
\lst@width=\dimen171
\lst@newlines=\count286
\lst@lineno=\count287
\lst@maxwidth=\dimen172
 (c:/texlive/2023/texmf-dist/tex/latex/listings/lstpatch.sty
File: lstpatch.sty 2024/02/21 1.10 (Carsten Heinz)
) (c:/texlive/2023/texmf-dist/tex/latex/listings/lstmisc.sty
File: lstmisc.sty 2024/02/21 1.10 (Carsten Heinz)
\c@lstnumber=\count288
\lst@skipnumbers=\count289
\lst@framebox=\box56
) (c:/texlive/2023/texmf-dist/tex/latex/listings/listings.cfg
File: listings.cfg 2024/02/21 1.10 listings configuration
))
Package: listings 2024/02/21 1.10 (Carsten Heinz)
 (c:/texlive/2023/texmf-dist/tex/latex/siunitx/siunitx.sty
Package: siunitx 2024-02-15 v3.3.12 A comprehensive (SI) units package
\l__siunitx_number_uncert_offset_int=\count290
\l__siunitx_number_exponent_fixed_int=\count291
\l__siunitx_number_min_decimal_int=\count292
\l__siunitx_number_min_integer_int=\count293
\l__siunitx_number_round_precision_int=\count294
\l__siunitx_number_lower_threshold_int=\count295
\l__siunitx_number_upper_threshold_int=\count296
\l__siunitx_number_group_first_int=\count297
\l__siunitx_number_group_size_int=\count298
\l__siunitx_number_group_minimum_int=\count299
\l__siunitx_angle_tmp_dim=\dimen173
\l__siunitx_angle_marker_box=\box57
\l__siunitx_angle_unit_box=\box58
\l__siunitx_compound_count_int=\count300
 (c:/texlive/2023/texmf-dist/tex/latex/translations/translations.sty
Package: translations 2022/02/05 v1.12 internationalization of LaTeX2e packages (CN)
 (c:/texlive/2023/texmf-dist/tex/generic/pdftexcmds/pdftexcmds.sty
Package: pdftexcmds 2020-06-27 v0.33 Utility functions of pdfTeX for LuaTeX (HO)
 (c:/texlive/2023/texmf-dist/tex/generic/infwarerr/infwarerr.sty
Package: infwarerr 2019/12/03 v1.5 Providing info/warning/error messages (HO)
) (c:/texlive/2023/texmf-dist/tex/generic/ltxcmds/ltxcmds.sty
Package: ltxcmds 2023-12-04 v1.26 LaTeX kernel commands for general use (HO)
)
Package pdftexcmds Info: \pdf@primitive is available.
Package pdftexcmds Info: \pdf@ifprimitive is available.
Package pdftexcmds Info: \pdfdraftmode found.
))
\l__siunitx_table_tmp_box=\box59
\l__siunitx_table_tmp_dim=\dimen174
\l__siunitx_table_column_width_dim=\dimen175
\l__siunitx_table_integer_box=\box60
\l__siunitx_table_decimal_box=\box61
\l__siunitx_table_uncert_box=\box62
\l__siunitx_table_before_box=\box63
\l__siunitx_table_after_box=\box64
\l__siunitx_table_before_dim=\dimen176
\l__siunitx_table_carry_dim=\dimen177
\l__siunitx_unit_tmp_int=\count301
\l__siunitx_unit_position_int=\count302
\l__siunitx_unit_total_int=\count303
 (c:/texlive/2023/texmf-dist/tex/latex/tools/array.sty
Package: array 2023/10/16 v2.5g Tabular extension package (FMi)
\col@sep=\dimen178
\ar@mcellbox=\box65
\extrarowheight=\dimen179
\NC@list=\toks26
\extratabsurround=\skip55
\backup@length=\skip56
\ar@cellbox=\box66
)) (c:/texlive/2023/texmf-dist/tex/latex/booktabs/booktabs.sty
Package: booktabs 2020/01/12 v1.61803398 Publication quality tables
\heavyrulewidth=\dimen180
\lightrulewidth=\dimen181
\cmidrulewidth=\dimen182
\belowrulesep=\dimen183
\belowbottomsep=\dimen184
\aboverulesep=\dimen185
\abovetopsep=\dimen186
\cmidrulesep=\dimen187
\cmidrulekern=\dimen188
\defaultaddspace=\dimen189
\@cmidla=\count304
\@cmidlb=\count305
\@aboverulesep=\dimen190
\@belowrulesep=\dimen191
\@thisruleclass=\count306
\@lastruleclass=\count307
\@thisrulewidth=\dimen192
) (c:/texlive/2023/texmf-dist/tex/latex/tools/multicol.sty
Package: multicol 2023/03/30 v1.9f multicolumn formatting (FMi)
\c@tracingmulticols=\count308
\mult@box=\box67
\multicol@leftmargin=\dimen193
\c@unbalance=\count309
\c@collectmore=\count310
\doublecol@number=\count311
\multicoltolerance=\count312
\multicolpretolerance=\count313
\full@width=\dimen194
\page@free=\dimen195
\premulticols=\dimen196
\postmulticols=\dimen197
\multicolsep=\skip57
\multicolbaselineskip=\skip58
\partial@page=\box68
\last@line=\box69
\mc@boxedresult=\box70
\maxbalancingoverflow=\dimen198
\mult@rightbox=\box71
\mult@grightbox=\box72
\mult@firstbox=\box73
\mult@gfirstbox=\box74
\@tempa=\box75
\@tempa=\box76
\@tempa=\box77
\@tempa=\box78
\@tempa=\box79
\@tempa=\box80
\@tempa=\box81
\@tempa=\box82
\@tempa=\box83
\@tempa=\box84
\@tempa=\box85
\@tempa=\box86
\@tempa=\box87
\@tempa=\box88
\@tempa=\box89
\@tempa=\box90
\@tempa=\box91
\@tempa=\box92
\@tempa=\box93
\@tempa=\box94
\@tempa=\box95
\@tempa=\box96
\@tempa=\box97
\@tempa=\box98
\@tempa=\box99
\@tempa=\box100
\@tempa=\box101
\@tempa=\box102
\@tempa=\box103
\@tempa=\box104
\@tempa=\box105
\@tempa=\box106
\@tempa=\box107
\@tempa=\box108
\@tempa=\box109
\@tempa=\box110
\c@minrows=\count314
\c@columnbadness=\count315
\c@finalcolumnbadness=\count316
\last@try=\dimen199
\multicolovershoot=\dimen256
\multicolundershoot=\dimen257
\mult@nat@firstbox=\box111
\colbreak@box=\box112
\mc@col@check@num=\count317
) (c:/texlive/2023/texmf-dist/tex/latex/base/fontenc.sty
Package: fontenc 2021/04/29 v2.0v Standard LaTeX package
LaTeX Font Info:    Trying to load font information for T1+minntx on input line 112.
 (c:/texlive/2023/texmf-dist/tex/latex/newtx/t1minntx.fd
File: t1minntx.fd 2023/09/09 v1.1 font definition file for T1/minntx
)) (./tocbibind.sty
Package: tocbibind 2010/10/13 v1.5k extra ToC listings
Package tocbibind Info: The document has chapter divisions on input line 50.


Package tocbibind Note: Using chapter style headings, unless overridden.

) (c:/texlive/2023/texmf-dist/tex/latex/hyperref/hyperref.sty
Package: hyperref 2024-01-20 v7.01h Hypertext links for LaTeX
 (c:/texlive/2023/texmf-dist/tex/latex/kvsetkeys/kvsetkeys.sty
Package: kvsetkeys 2022-10-05 v1.19 Key value parser (HO)
) (c:/texlive/2023/texmf-dist/tex/generic/kvdefinekeys/kvdefinekeys.sty
Package: kvdefinekeys 2019-12-19 v1.6 Define keys (HO)
) (c:/texlive/2023/texmf-dist/tex/generic/pdfescape/pdfescape.sty
Package: pdfescape 2019/12/09 v1.15 Implements pdfTeX's escape features (HO)
) (c:/texlive/2023/texmf-dist/tex/latex/hycolor/hycolor.sty
Package: hycolor 2020-01-27 v1.10 Color options for hyperref/bookmark (HO)
) (c:/texlive/2023/texmf-dist/tex/latex/auxhook/auxhook.sty
Package: auxhook 2019-12-17 v1.6 Hooks for auxiliary files (HO)
) (c:/texlive/2023/texmf-dist/tex/latex/hyperref/nameref.sty
Package: nameref 2023-11-26 v2.56 Cross-referencing by name of section
 (c:/texlive/2023/texmf-dist/tex/latex/refcount/refcount.sty
Package: refcount 2019/12/15 v3.6 Data extraction from label references (HO)
) (c:/texlive/2023/texmf-dist/tex/generic/gettitlestring/gettitlestring.sty
Package: gettitlestring 2019/12/15 v1.6 Cleanup title references (HO)
 (c:/texlive/2023/texmf-dist/tex/latex/kvoptions/kvoptions.sty
Package: kvoptions 2022-06-15 v3.15 Key value format for package options (HO)
))
\c@section@level=\count318
)
\@linkdim=\dimen258
\Hy@linkcounter=\count319
\Hy@pagecounter=\count320
 (c:/texlive/2023/texmf-dist/tex/latex/hyperref/pd1enc.def
File: pd1enc.def 2024-01-20 v7.01h Hyperref: PDFDocEncoding definition (HO)
Now handling font encoding PD1 ...
... no UTF-8 mapping file for font encoding PD1
) (c:/texlive/2023/texmf-dist/tex/generic/intcalc/intcalc.sty
Package: intcalc 2019/12/15 v1.3 Expandable calculations with integers (HO)
)
\Hy@SavedSpaceFactor=\count321
 (c:/texlive/2023/texmf-dist/tex/latex/hyperref/puenc.def
File: puenc.def 2024-01-20 v7.01h Hyperref: PDF Unicode definition (HO)
Now handling font encoding PU ...
... no UTF-8 mapping file for font encoding PU
)
Package hyperref Info: Option `final' set `true' on input line 4062.
Package hyperref Info: Hyper figures OFF on input line 4179.
Package hyperref Info: Link nesting OFF on input line 4184.
Package hyperref Info: Hyper index ON on input line 4187.
Package hyperref Info: Plain pages OFF on input line 4194.
Package hyperref Info: Backreferencing OFF on input line 4199.
Package hyperref Info: Implicit mode ON; LaTeX internals redefined.
Package hyperref Info: Bookmarks ON on input line 4446.
\c@Hy@tempcnt=\count322
 (c:/texlive/2023/texmf-dist/tex/latex/url/url.sty
\Urlmuskip=\muskip17
Package: url 2013/09/16  ver 3.4  Verb mode for urls, etc.
)
LaTeX Info: Redefining \url on input line 4784.
\XeTeXLinkMargin=\dimen259
 (c:/texlive/2023/texmf-dist/tex/generic/bitset/bitset.sty
Package: bitset 2019/12/09 v1.3 Handle bit-vector datatype (HO)
 (c:/texlive/2023/texmf-dist/tex/generic/bigintcalc/bigintcalc.sty
Package: bigintcalc 2019/12/15 v1.5 Expandable calculations on big integers (HO)
))
\Fld@menulength=\count323
\Field@Width=\dimen260
\Fld@charsize=\dimen261
Package hyperref Info: Hyper figures OFF on input line 6063.
Package hyperref Info: Link nesting OFF on input line 6068.
Package hyperref Info: Hyper index ON on input line 6071.
Package hyperref Info: backreferencing OFF on input line 6078.
Package hyperref Info: Link coloring OFF on input line 6083.
Package hyperref Info: Link coloring with OCG OFF on input line 6088.
Package hyperref Info: PDF/A mode OFF on input line 6093.
 (c:/texlive/2023/texmf-dist/tex/latex/base/atbegshi-ltx.sty
Package: atbegshi-ltx 2021/01/10 v1.0c Emulation of the original atbegshi
package with kernel methods
)
\Hy@abspage=\count324
\c@Item=\count325
\c@Hfootnote=\count326
)
Package hyperref Info: Driver (autodetected): hpdftex.
 (c:/texlive/2023/texmf-dist/tex/latex/hyperref/hpdftex.def
File: hpdftex.def 2024-01-20 v7.01h Hyperref driver for pdfTeX
 (c:/texlive/2023/texmf-dist/tex/latex/base/atveryend-ltx.sty
Package: atveryend-ltx 2020/08/19 v1.0a Emulation of the original atveryend package
with kernel methods
)
\Fld@listcount=\count327
\c@bookmark@seq@number=\count328
 (c:/texlive/2023/texmf-dist/tex/latex/rerunfilecheck/rerunfilecheck.sty
Package: rerunfilecheck 2022-07-10 v1.10 Rerun checks for auxiliary files (HO)
 (c:/texlive/2023/texmf-dist/tex/generic/uniquecounter/uniquecounter.sty
Package: uniquecounter 2019/12/15 v1.4 Provide unlimited unique counter (HO)
)
Package uniquecounter Info: New unique counter `rerunfilecheck' on input line 285.
)
\Hy@SectionHShift=\skip59
)

Package hyperref Warning: Option `a4paper' is no longer used.

Package hyperref Info: Option `colorlinks' set `false' on input line 55.
Package hyperref Info: Option `bookmarksopen' set `false' on input line 55.
Package hyperref Info: Option `bookmarksnumbered' set `true' on input line 55.
(./multirow.sty
Package: multirow 2021/03/15 v2.8 Span multiple rows of a table
\multirow@colwidth=\skip60
\multirow@cntb=\count329
\multirow@dima=\skip61
\bigstrutjot=\dimen262
) (c:/texlive/2023/texmf-dist/tex/latex/graphics/graphicx.sty
Package: graphicx 2021/09/16 v1.2d Enhanced LaTeX Graphics (DPC,SPQR)
 (c:/texlive/2023/texmf-dist/tex/latex/graphics/graphics.sty
Package: graphics 2022/03/10 v1.4e Standard LaTeX Graphics (DPC,SPQR)
 (c:/texlive/2023/texmf-dist/tex/latex/graphics/trig.sty
Package: trig 2021/08/11 v1.11 sin cos tan (DPC)
) (c:/texlive/2023/texmf-dist/tex/latex/graphics-cfg/graphics.cfg
File: graphics.cfg 2016/06/04 v1.11 sample graphics configuration
)
Package graphics Info: Driver file: pdftex.def on input line 107.
)
\Gin@req@height=\dimen263
\Gin@req@width=\dimen264
) (c:/texlive/2023/texmf-dist/tex/latex/setspace/setspace.sty
Package: setspace 2022/12/04 v6.7b set line spacing
) (c:/texlive/2023/texmf-dist/tex/latex/geometry/geometry.sty
Package: geometry 2020/01/02 v5.9 Page Geometry
 (c:/texlive/2023/texmf-dist/tex/generic/iftex/ifvtex.sty
Package: ifvtex 2019/10/25 v1.7 ifvtex legacy package. Use iftex instead.
)
\Gm@cnth=\count330
\Gm@cntv=\count331
\c@Gm@tempcnt=\count332
\Gm@bindingoffset=\dimen265
\Gm@wd@mp=\dimen266
\Gm@odd@mp=\dimen267
\Gm@even@mp=\dimen268
\Gm@layoutwidth=\dimen269
\Gm@layoutheight=\dimen270
\Gm@layouthoffset=\dimen271
\Gm@layoutvoffset=\dimen272
\Gm@dimlist=\toks27
) (c:/texlive/2023/texmf-dist/tex/latex/caption/caption.sty
Package: caption 2023/08/05 v3.6o Customizing captions (AR)
 (c:/texlive/2023/texmf-dist/tex/latex/caption/caption3.sty
Package: caption3 2023/07/31 v2.4d caption3 kernel (AR)
\caption@tempdima=\dimen273
\captionmargin=\dimen274
\caption@leftmargin=\dimen275
\caption@rightmargin=\dimen276
\caption@width=\dimen277
\caption@indent=\dimen278
\caption@parindent=\dimen279
\caption@hangindent=\dimen280
Package caption Info: Standard document class detected.
)
\c@caption@flags=\count333
\c@continuedfloat=\count334
Package caption Info: hyperref package is loaded.
Package caption Info: listings package is loaded.
) (c:/texlive/2023/texmf-dist/tex/latex/pslatex/pslatex.sty
Package: pslatex 2021/01/13 v1.3 pslatex emulation (DPC)
LaTeX Font Info:    Redeclaring symbol font `operators' on input line 66.
LaTeX Font Info:    Overwriting symbol font `operators' in version `normal'
(Font)                  OT1/cmr/m/n --> OT1/ptmcm/m/n on input line 66.
LaTeX Font Info:    Overwriting symbol font `operators' in version `bold'
(Font)                  OT1/cmr/bx/n --> OT1/ptmcm/m/n on input line 66.
LaTeX Font Info:    Redeclaring symbol font `letters' on input line 67.
LaTeX Font Info:    Overwriting symbol font `letters' in version `normal'
(Font)                  OML/cmm/m/it --> OML/ptmcm/m/it on input line 67.
LaTeX Font Info:    Overwriting symbol font `letters' in version `bold'
(Font)                  OML/cmm/b/it --> OML/ptmcm/m/it on input line 67.
LaTeX Font Info:    Redeclaring symbol font `symbols' on input line 68.
LaTeX Font Info:    Overwriting symbol font `symbols' in version `normal'
(Font)                  OMS/cmsy/m/n --> OMS/pzccm/m/n on input line 68.
LaTeX Font Info:    Overwriting symbol font `symbols' in version `bold'
(Font)                  OMS/cmsy/b/n --> OMS/pzccm/m/n on input line 68.
LaTeX Font Info:    Redeclaring symbol font `largesymbols' on input line 69.
LaTeX Font Info:    Overwriting symbol font `largesymbols' in version `normal'
(Font)                  OMX/cmex/m/n --> OMX/psycm/m/n on input line 69.
LaTeX Font Info:    Overwriting symbol font `largesymbols' in version `bold'
(Font)                  OMX/cmex/m/n --> OMX/psycm/m/n on input line 69.
\symbold=\mathgroup4
\symitalic=\mathgroup5
LaTeX Font Info:    Redeclaring math alphabet \mathbf on input line 75.
LaTeX Font Info:    Overwriting math alphabet `\mathbf' in version `normal'
(Font)                  OT1/cmr/bx/n --> OT1/ptm/bx/n on input line 75.
LaTeX Font Info:    Overwriting math alphabet `\mathbf' in version `bold'
(Font)                  OT1/cmr/bx/n --> OT1/ptm/bx/n on input line 75.
LaTeX Font Info:    Redeclaring math alphabet \mathit on input line 76.
LaTeX Font Info:    Overwriting math alphabet `\mathit' in version `normal'
(Font)                  OT1/cmr/m/it --> OT1/ptm/m/it on input line 76.
LaTeX Font Info:    Overwriting math alphabet `\mathit' in version `bold'
(Font)                  OT1/cmr/bx/it --> OT1/ptm/m/it on input line 76.
) (c:/texlive/2023/texmf-dist/tex/latex/fancyhdr/fancyhdr.sty
Package: fancyhdr 2022/11/09 v4.1 Extensive control of page headers and footers
\f@nch@headwidth=\skip62
\f@nch@O@elh=\skip63
\f@nch@O@erh=\skip64
\f@nch@O@olh=\skip65
\f@nch@O@orh=\skip66
\f@nch@O@elf=\skip67
\f@nch@O@erf=\skip68
\f@nch@O@olf=\skip69
\f@nch@O@orf=\skip70
) (c:/texlive/2023/texmf-dist/tex/latex/pdfpages/pdfpages.sty
Package: pdfpages 2024/01/21 v0.5y Insert pages of external PDF documents (AM)
 (c:/texlive/2023/texmf-dist/tex/latex/tools/calc.sty
Package: calc 2023/07/08 v4.3 Infix arithmetic (KKT,FJ)
\calc@Acount=\count335
\calc@Bcount=\count336
\calc@Adimen=\dimen281
\calc@Bdimen=\dimen282
\calc@Askip=\skip71
\calc@Bskip=\skip72
LaTeX Info: Redefining \setlength on input line 80.
LaTeX Info: Redefining \addtolength on input line 81.
\calc@Ccount=\count337
\calc@Cskip=\skip73
) (c:/texlive/2023/texmf-dist/tex/latex/eso-pic/eso-pic.sty
Package: eso-pic 2023/05/03 v3.0c eso-pic (RN)
\ESO@tempdima=\dimen283
\ESO@tempdimb=\dimen284
)
\AM@pagewidth=\dimen285
\AM@pageheight=\dimen286
\AM@fboxrule=\dimen287
 (c:/texlive/2023/texmf-dist/tex/latex/pdfpages/pppdftex.def
File: pppdftex.def 2024/01/21 v0.5y Pdfpages driver for pdfTeX (AM)
)
\pdfpages@includegraphics@status=\count338
\AM@pagebox=\box113
\AM@global@opts=\toks28
\AM@pagecnt=\count339
\AM@toc@title=\toks29
\AM@lof@heading=\toks30
\c@AM@survey=\count340
\AM@templatesizebox=\box114
) (./fncychap.sty
Package: fncychap 2007/07/30 v1.34 LaTeX package (Revised chapters)
\RW=\skip74
\mylen=\skip75
\myhi=\skip76
\px=\skip77
\py=\skip78
\pyy=\skip79
\pxx=\skip80
) (c:/texlive/2023/texmf-dist/tex/latex/colortbl/colortbl.sty
Package: colortbl 2024/02/20 v1.0g Color table columns (DPC)
\everycr=\toks31
\minrowclearance=\skip81
\rownum=\count341
) (c:/texlive/2023/texmf-dist/tex/latex/float/float.sty
Package: float 2001/11/08 v1.3d Float enhancements (AL)
\c@float@type=\count342
\float@exts=\toks32
\float@box=\box115
\@float@everytoks=\toks33
\@floatcapt=\box116
) (c:/texlive/2023/texmf-dist/tex/latex/tools/longtable.sty
Package: longtable 2023-11-01 v4.19 Multi-page Table package (DPC)
\LTleft=\skip82
\LTright=\skip83
\LTpre=\skip84
\LTpost=\skip85
\LTchunksize=\count343
\LTcapwidth=\dimen288
\LT@head=\box117
\LT@firsthead=\box118
\LT@foot=\box119
\LT@lastfoot=\box120
\LT@gbox=\box121
\LT@cols=\count344
\LT@rows=\count345
\c@LT@tables=\count346
\c@LT@chunks=\count347
\LT@p@ftn=\toks34
) (c:/texlive/2023/texmf-dist/tex/latex/hyphenat/hyphenat.sty
Package: hyphenat 2009/09/02 v2.3c hyphenation utilities
\langwohyphens=\language89
LaTeX Info: Redefining \_ on input line 43.
) (c:/texlive/2023/texmf-dist/tex/latex/caption/subcaption.sty
Package: subcaption 2023/07/28 v1.6b Sub-captions (AR)
Package caption Info: New subtype `subfigure' on input line 238.
\c@subfigure=\count348
Package caption Info: New subtype `subtable' on input line 238.
\c@subtable=\count349
) (./cite.sty
LaTeX Info: Redefining \cite on input line 302.
LaTeX Info: Redefining \nocite on input line 332.
Package: cite 2015/02/27  v 5.5
) (./algorithm.sty
Package: algorithm 2009/08/24 v0.1 Document Style `algorithm' - floating environment
\@float@every@algorithm=\toks35
\c@algorithm=\count350
) (./algorithmicx.sty
Package: algorithmicx 2005/04/27 v1.2 Algorithmicx

Document Style algorithmicx 1.2 - a greatly improved `algorithmic' style
\c@ALG@line=\count351
\c@ALG@rem=\count352
\c@ALG@nested=\count353
\ALG@tlm=\skip86
\ALG@thistlm=\skip87
\c@ALG@Lnr=\count354
\c@ALG@blocknr=\count355
\c@ALG@storecount=\count356
\c@ALG@tmpcounter=\count357
\ALG@tmplength=\skip88
) (./algpseudocode.sty
Package: algpseudocode 

Document Style - pseudocode environments for use with the `algorithmicx' style
) (c:/texlive/2023/texmf-dist/tex/latex/amsfonts/amssymb.sty
Package: amssymb 2013/01/14 v3.01 AMS font symbols
 (c:/texlive/2023/texmf-dist/tex/latex/amsfonts/amsfonts.sty
Package: amsfonts 2013/01/14 v3.01 Basic AMSFonts support
\symAMSa=\mathgroup6
\symAMSb=\mathgroup7
LaTeX Font Info:    Redeclaring math symbol \hbar on input line 98.
LaTeX Font Info:    Overwriting math alphabet `\mathfrak' in version `bold'
(Font)                  U/euf/m/n --> U/euf/b/n on input line 106.
)) (c:/texlive/2023/texmf-dist/tex/latex/amsmath/amscd.sty
Package: amscd 2017/04/14 v2.1 AMS Commutative Diagrams
\athelp@=\toks36
\minaw@=\dimen289
\bigaw@=\dimen290
\minCDarrowwidth=\dimen291
) (c:/texlive/2023/texmf-dist/tex/latex/tools/indentfirst.sty
Package: indentfirst 2023/07/02 v1.03 Indent first paragraph (DPC)
) (c:/texlive/2023/texmf-dist/tex/latex/base/fixltx2e.sty
Package: fixltx2e 2016/12/29 v2.1a fixes to LaTeX (obsolete)
Applying: [2015/01/01] Old fixltx2e package on input line 46.


Package fixltx2e Warning: fixltx2e is not required with releases after 2015
(fixltx2e)                All fixes are now in the LaTeX kernel.
(fixltx2e)                See the latexrelease package for details.

Already applied: [0000/00/00] Old fixltx2e package on input line 53.
) (./ulem.sty
\UL@box=\box122
\UL@hyphenbox=\box123
\UL@skip=\skip89
\UL@hook=\toks37
\UL@height=\dimen292
\UL@pe=\count358
\UL@pixel=\dimen293
\ULC@box=\box124
Package: ulem 2019/11/18
\ULdepth=\dimen294
) (c:/texlive/2023/texmf-dist/tex/latex/pgf/frontendlayer/tikz.sty (c:/texlive/2023/texmf-dist/tex/latex/pgf/basiclayer/pgf.sty (c:/texlive/2023/texmf-dist/tex/latex/pgf/utilities/pgfrcs.sty (c:/texlive/2023/texmf-dist/tex/generic/pgf/utilities/pgfutil-common.tex
\pgfutil@everybye=\toks38
\pgfutil@tempdima=\dimen295
\pgfutil@tempdimb=\dimen296
) (c:/texlive/2023/texmf-dist/tex/generic/pgf/utilities/pgfutil-latex.def
\pgfutil@abb=\box125
) (c:/texlive/2023/texmf-dist/tex/generic/pgf/utilities/pgfrcs.code.tex (c:/texlive/2023/texmf-dist/tex/generic/pgf/pgf.revision.tex)
Package: pgfrcs 2023-01-15 v3.1.10 (3.1.10)
))
Package: pgf 2023-01-15 v3.1.10 (3.1.10)
 (c:/texlive/2023/texmf-dist/tex/latex/pgf/basiclayer/pgfcore.sty (c:/texlive/2023/texmf-dist/tex/latex/pgf/systemlayer/pgfsys.sty (c:/texlive/2023/texmf-dist/tex/generic/pgf/systemlayer/pgfsys.code.tex
Package: pgfsys 2023-01-15 v3.1.10 (3.1.10)
 (c:/texlive/2023/texmf-dist/tex/generic/pgf/utilities/pgfkeys.code.tex
\pgfkeys@pathtoks=\toks39
\pgfkeys@temptoks=\toks40
 (c:/texlive/2023/texmf-dist/tex/generic/pgf/utilities/pgfkeyslibraryfiltered.code.tex
\pgfkeys@tmptoks=\toks41
))
\pgf@x=\dimen297
\pgf@y=\dimen298
\pgf@xa=\dimen299
\pgf@ya=\dimen300
\pgf@xb=\dimen301
\pgf@yb=\dimen302
\pgf@xc=\dimen303
\pgf@yc=\dimen304
\pgf@xd=\dimen305
\pgf@yd=\dimen306
\w@pgf@writea=\write3
\r@pgf@reada=\read2
\c@pgf@counta=\count359
\c@pgf@countb=\count360
\c@pgf@countc=\count361
\c@pgf@countd=\count362
\t@pgf@toka=\toks42
\t@pgf@tokb=\toks43
\t@pgf@tokc=\toks44
\pgf@sys@id@count=\count363
 (c:/texlive/2023/texmf-dist/tex/generic/pgf/systemlayer/pgf.cfg
File: pgf.cfg 2023-01-15 v3.1.10 (3.1.10)
)
Driver file for pgf: pgfsys-pdftex.def
 (c:/texlive/2023/texmf-dist/tex/generic/pgf/systemlayer/pgfsys-pdftex.def
File: pgfsys-pdftex.def 2023-01-15 v3.1.10 (3.1.10)
 (c:/texlive/2023/texmf-dist/tex/generic/pgf/systemlayer/pgfsys-common-pdf.def
File: pgfsys-common-pdf.def 2023-01-15 v3.1.10 (3.1.10)
))) (c:/texlive/2023/texmf-dist/tex/generic/pgf/systemlayer/pgfsyssoftpath.code.tex
File: pgfsyssoftpath.code.tex 2023-01-15 v3.1.10 (3.1.10)
\pgfsyssoftpath@smallbuffer@items=\count364
\pgfsyssoftpath@bigbuffer@items=\count365
) (c:/texlive/2023/texmf-dist/tex/generic/pgf/systemlayer/pgfsysprotocol.code.tex
File: pgfsysprotocol.code.tex 2023-01-15 v3.1.10 (3.1.10)
)) (c:/texlive/2023/texmf-dist/tex/generic/pgf/basiclayer/pgfcore.code.tex
Package: pgfcore 2023-01-15 v3.1.10 (3.1.10)
 (c:/texlive/2023/texmf-dist/tex/generic/pgf/math/pgfmath.code.tex (c:/texlive/2023/texmf-dist/tex/generic/pgf/math/pgfmathutil.code.tex) (c:/texlive/2023/texmf-dist/tex/generic/pgf/math/pgfmathparser.code.tex
\pgfmath@dimen=\dimen307
\pgfmath@count=\count366
\pgfmath@box=\box126
\pgfmath@toks=\toks45
\pgfmath@stack@operand=\toks46
\pgfmath@stack@operation=\toks47
) (c:/texlive/2023/texmf-dist/tex/generic/pgf/math/pgfmathfunctions.code.tex) (c:/texlive/2023/texmf-dist/tex/generic/pgf/math/pgfmathfunctions.basic.code.tex) (c:/texlive/2023/texmf-dist/tex/generic/pgf/math/pgfmathfunctions.trigonometric.code.tex) (c:/texlive/2023/texmf-dist/tex/generic/pgf/math/pgfmathfunctions.random.code.tex) (c:/texlive/2023/texmf-dist/tex/generic/pgf/math/pgfmathfunctions.comparison.code.tex) (c:/texlive/2023/texmf-dist/tex/generic/pgf/math/pgfmathfunctions.base.code.tex) (c:/texlive/2023/texmf-dist/tex/generic/pgf/math/pgfmathfunctions.round.code.tex) (c:/texlive/2023/texmf-dist/tex/generic/pgf/math/pgfmathfunctions.misc.code.tex) (c:/texlive/2023/texmf-dist/tex/generic/pgf/math/pgfmathfunctions.integerarithmetics.code.tex) (c:/texlive/2023/texmf-dist/tex/generic/pgf/math/pgfmathcalc.code.tex) (c:/texlive/2023/texmf-dist/tex/generic/pgf/math/pgfmathfloat.code.tex
\c@pgfmathroundto@lastzeros=\count367
)) (c:/texlive/2023/texmf-dist/tex/generic/pgf/math/pgfint.code.tex) (c:/texlive/2023/texmf-dist/tex/generic/pgf/basiclayer/pgfcorepoints.code.tex
File: pgfcorepoints.code.tex 2023-01-15 v3.1.10 (3.1.10)
\pgf@picminx=\dimen308
\pgf@picmaxx=\dimen309
\pgf@picminy=\dimen310
\pgf@picmaxy=\dimen311
\pgf@pathminx=\dimen312
\pgf@pathmaxx=\dimen313
\pgf@pathminy=\dimen314
\pgf@pathmaxy=\dimen315
\pgf@xx=\dimen316
\pgf@xy=\dimen317
\pgf@yx=\dimen318
\pgf@yy=\dimen319
\pgf@zx=\dimen320
\pgf@zy=\dimen321
) (c:/texlive/2023/texmf-dist/tex/generic/pgf/basiclayer/pgfcorepathconstruct.code.tex
File: pgfcorepathconstruct.code.tex 2023-01-15 v3.1.10 (3.1.10)
\pgf@path@lastx=\dimen322
\pgf@path@lasty=\dimen323
) (c:/texlive/2023/texmf-dist/tex/generic/pgf/basiclayer/pgfcorepathusage.code.tex
File: pgfcorepathusage.code.tex 2023-01-15 v3.1.10 (3.1.10)
\pgf@shorten@end@additional=\dimen324
\pgf@shorten@start@additional=\dimen325
) (c:/texlive/2023/texmf-dist/tex/generic/pgf/basiclayer/pgfcorescopes.code.tex
File: pgfcorescopes.code.tex 2023-01-15 v3.1.10 (3.1.10)
\pgfpic=\box127
\pgf@hbox=\box128
\pgf@layerbox@main=\box129
\pgf@picture@serial@count=\count368
) (c:/texlive/2023/texmf-dist/tex/generic/pgf/basiclayer/pgfcoregraphicstate.code.tex
File: pgfcoregraphicstate.code.tex 2023-01-15 v3.1.10 (3.1.10)
\pgflinewidth=\dimen326
) (c:/texlive/2023/texmf-dist/tex/generic/pgf/basiclayer/pgfcoretransformations.code.tex
File: pgfcoretransformations.code.tex 2023-01-15 v3.1.10 (3.1.10)
\pgf@pt@x=\dimen327
\pgf@pt@y=\dimen328
\pgf@pt@temp=\dimen329
) (c:/texlive/2023/texmf-dist/tex/generic/pgf/basiclayer/pgfcorequick.code.tex
File: pgfcorequick.code.tex 2023-01-15 v3.1.10 (3.1.10)
) (c:/texlive/2023/texmf-dist/tex/generic/pgf/basiclayer/pgfcoreobjects.code.tex
File: pgfcoreobjects.code.tex 2023-01-15 v3.1.10 (3.1.10)
) (c:/texlive/2023/texmf-dist/tex/generic/pgf/basiclayer/pgfcorepathprocessing.code.tex
File: pgfcorepathprocessing.code.tex 2023-01-15 v3.1.10 (3.1.10)
) (c:/texlive/2023/texmf-dist/tex/generic/pgf/basiclayer/pgfcorearrows.code.tex
File: pgfcorearrows.code.tex 2023-01-15 v3.1.10 (3.1.10)
\pgfarrowsep=\dimen330
) (c:/texlive/2023/texmf-dist/tex/generic/pgf/basiclayer/pgfcoreshade.code.tex
File: pgfcoreshade.code.tex 2023-01-15 v3.1.10 (3.1.10)
\pgf@max=\dimen331
\pgf@sys@shading@range@num=\count369
\pgf@shadingcount=\count370
) (c:/texlive/2023/texmf-dist/tex/generic/pgf/basiclayer/pgfcoreimage.code.tex
File: pgfcoreimage.code.tex 2023-01-15 v3.1.10 (3.1.10)
) (c:/texlive/2023/texmf-dist/tex/generic/pgf/basiclayer/pgfcoreexternal.code.tex
File: pgfcoreexternal.code.tex 2023-01-15 v3.1.10 (3.1.10)
\pgfexternal@startupbox=\box130
) (c:/texlive/2023/texmf-dist/tex/generic/pgf/basiclayer/pgfcorelayers.code.tex
File: pgfcorelayers.code.tex 2023-01-15 v3.1.10 (3.1.10)
) (c:/texlive/2023/texmf-dist/tex/generic/pgf/basiclayer/pgfcoretransparency.code.tex
File: pgfcoretransparency.code.tex 2023-01-15 v3.1.10 (3.1.10)
) (c:/texlive/2023/texmf-dist/tex/generic/pgf/basiclayer/pgfcorepatterns.code.tex
File: pgfcorepatterns.code.tex 2023-01-15 v3.1.10 (3.1.10)
) (c:/texlive/2023/texmf-dist/tex/generic/pgf/basiclayer/pgfcorerdf.code.tex
File: pgfcorerdf.code.tex 2023-01-15 v3.1.10 (3.1.10)
))) (c:/texlive/2023/texmf-dist/tex/generic/pgf/modules/pgfmoduleshapes.code.tex
File: pgfmoduleshapes.code.tex 2023-01-15 v3.1.10 (3.1.10)
\pgfnodeparttextbox=\box131
) (c:/texlive/2023/texmf-dist/tex/generic/pgf/modules/pgfmoduleplot.code.tex
File: pgfmoduleplot.code.tex 2023-01-15 v3.1.10 (3.1.10)
) (c:/texlive/2023/texmf-dist/tex/latex/pgf/compatibility/pgfcomp-version-0-65.sty
Package: pgfcomp-version-0-65 2023-01-15 v3.1.10 (3.1.10)
\pgf@nodesepstart=\dimen332
\pgf@nodesepend=\dimen333
) (c:/texlive/2023/texmf-dist/tex/latex/pgf/compatibility/pgfcomp-version-1-18.sty
Package: pgfcomp-version-1-18 2023-01-15 v3.1.10 (3.1.10)
)) (c:/texlive/2023/texmf-dist/tex/latex/pgf/utilities/pgffor.sty (c:/texlive/2023/texmf-dist/tex/latex/pgf/utilities/pgfkeys.sty (c:/texlive/2023/texmf-dist/tex/generic/pgf/utilities/pgfkeys.code.tex)) (c:/texlive/2023/texmf-dist/tex/latex/pgf/math/pgfmath.sty (c:/texlive/2023/texmf-dist/tex/generic/pgf/math/pgfmath.code.tex)) (c:/texlive/2023/texmf-dist/tex/generic/pgf/utilities/pgffor.code.tex
Package: pgffor 2023-01-15 v3.1.10 (3.1.10)
\pgffor@iter=\dimen334
\pgffor@skip=\dimen335
\pgffor@stack=\toks48
\pgffor@toks=\toks49
)) (c:/texlive/2023/texmf-dist/tex/generic/pgf/frontendlayer/tikz/tikz.code.tex
Package: tikz 2023-01-15 v3.1.10 (3.1.10)
 (c:/texlive/2023/texmf-dist/tex/generic/pgf/libraries/pgflibraryplothandlers.code.tex
File: pgflibraryplothandlers.code.tex 2023-01-15 v3.1.10 (3.1.10)
\pgf@plot@mark@count=\count371
\pgfplotmarksize=\dimen336
)
\tikz@lastx=\dimen337
\tikz@lasty=\dimen338
\tikz@lastxsaved=\dimen339
\tikz@lastysaved=\dimen340
\tikz@lastmovetox=\dimen341
\tikz@lastmovetoy=\dimen342
\tikzleveldistance=\dimen343
\tikzsiblingdistance=\dimen344
\tikz@figbox=\box132
\tikz@figbox@bg=\box133
\tikz@tempbox=\box134
\tikz@tempbox@bg=\box135
\tikztreelevel=\count372
\tikznumberofchildren=\count373
\tikznumberofcurrentchild=\count374
\tikz@fig@count=\count375
 (c:/texlive/2023/texmf-dist/tex/generic/pgf/modules/pgfmodulematrix.code.tex
File: pgfmodulematrix.code.tex 2023-01-15 v3.1.10 (3.1.10)
\pgfmatrixcurrentrow=\count376
\pgfmatrixcurrentcolumn=\count377
\pgf@matrix@numberofcolumns=\count378
)
\tikz@expandcount=\count379
 (c:/texlive/2023/texmf-dist/tex/generic/pgf/frontendlayer/tikz/libraries/tikzlibrarytopaths.code.tex
File: tikzlibrarytopaths.code.tex 2023-01-15 v3.1.10 (3.1.10)
)))) (c:/texlive/2023/texmf-dist/tex/latex/enumitem/enumitem.sty
Package: enumitem 2019/06/20 v3.9 Customized lists
\enitkv@toks@=\toks50
\labelindent=\skip90
\enit@outerparindent=\dimen345
\enit@toks=\toks51
\enit@inbox=\box136
\enit@count@id=\count380
\enitdp@description=\count381
) (./konfigurasi.tex)
LaTeX Font Info:    Trying to load font information for T1+ntxtlf on input line 21.
 (c:/texlive/2023/texmf-dist/tex/latex/newtx/t1ntxtlf.fd
File: t1ntxtlf.fd 2021/05/24 v1.1 font definition file for T1/ntx/tlf
)
LaTeX Font Info:    Font shape `T1/ntxtlf/m/n' will be
(Font)              scaled to size 12.0pt on input line 21.
Package translations Info: No language package found. I am going to use `english' as default language. on input line 21.


LaTeX Warning: Unused global option(s):
    [a4].

(./main.aux (./sampul.aux) (./pengesahan.aux) (./orisinalitas.aux) (./abstrak.aux) (./abstract.aux) (./pengantar.aux) (./listofappendix.aux) (./daftarIstilah.aux) (./bab1.aux) (./bab2.aux) (./bab3.aux) (./bab4.aux) (./bab5.aux) (./bab6.aux) (./pustaka.aux) (./markLampiran.aux) (./lampiran.aux))
\openout1 = `main.aux'.

LaTeX Font Info:    Checking defaults for OML/cmm/m/it on input line 21.
LaTeX Font Info:    ... okay on input line 21.
LaTeX Font Info:    Checking defaults for OMS/pzccm/m/n on input line 21.
LaTeX Font Info:    Trying to load font information for OMS+pzccm on input line 21.
 (c:/texlive/2023/texmf-dist/tex/latex/psnfss/omspzccm.fd
File: omspzccm.fd 2000/01/03 Fontinst v1.801 font definitions for OMS/pzccm.
)
LaTeX Font Info:    ... okay on input line 21.
LaTeX Font Info:    Checking defaults for OT1/cmr/m/n on input line 21.
LaTeX Font Info:    ... okay on input line 21.
LaTeX Font Info:    Checking defaults for T1/cmr/m/n on input line 21.
LaTeX Font Info:    ... okay on input line 21.
LaTeX Font Info:    Checking defaults for TS1/cmr/m/n on input line 21.
LaTeX Font Info:    ... okay on input line 21.
LaTeX Font Info:    Checking defaults for OMX/cmex/m/n on input line 21.
LaTeX Font Info:    ... okay on input line 21.
LaTeX Font Info:    Checking defaults for U/cmr/m/n on input line 21.
LaTeX Font Info:    ... okay on input line 21.
LaTeX Font Info:    Checking defaults for PD1/pdf/m/n on input line 21.
LaTeX Font Info:    ... okay on input line 21.
LaTeX Font Info:    Checking defaults for PU/pdf/m/n on input line 21.
LaTeX Font Info:    ... okay on input line 21.
 (c:/texlive/2023/texmf-dist/tex/context/base/mkii/supp-pdf.mkii
[Loading MPS to PDF converter (version 2006.09.02).]
\scratchcounter=\count382
\scratchdimen=\dimen346
\scratchbox=\box137
\nofMPsegments=\count383
\nofMParguments=\count384
\everyMPshowfont=\toks52
\MPscratchCnt=\count385
\MPscratchDim=\dimen347
\MPnumerator=\count386
\makeMPintoPDFobject=\count387
\everyMPtoPDFconversion=\toks53
) (c:/texlive/2023/texmf-dist/tex/latex/epstopdf-pkg/epstopdf-base.sty
Package: epstopdf-base 2020-01-24 v2.11 Base part for package epstopdf
Package epstopdf-base Info: Redefining graphics rule for `.eps' on input line 485.
 (c:/texlive/2023/texmf-dist/tex/latex/latexconfig/epstopdf-sys.cfg
File: epstopdf-sys.cfg 2010/07/13 v1.3 Configuration of (r)epstopdf for TeX Live
))
\c@mv@tabular=\count388
\c@mv@boldtabular=\count389
\c@lstlisting=\count390
 (c:/texlive/2023/texmf-dist/tex/latex/translations/translations-basic-dictionary-english.trsl
File: translations-basic-dictionary-english.trsl (english translation file `translations-basic-dictionary')
)
Package translations Info: loading dictionary `translations-basic-dictionary' for `english'. on input line 21.
Package hyperref Info: Link coloring OFF on input line 21.
 (./main.out) (./main.out)
\@outlinefile=\write4
\openout4 = `main.out'.


*geometry* driver: auto-detecting
*geometry* detected driver: pdftex
*geometry* verbose mode - [ preamble ] result:
* driver: pdftex
* paper: a4paper
* layout: <same size as paper>
* layoutoffset:(h,v)=(0.0pt,0.0pt)
* modes: 
* h-part:(L,W,R)=(113.81102pt, 398.3386pt, 85.35826pt)
* v-part:(T,H,B)=(85.35826pt, 674.33032pt, 85.35826pt)
* \paperwidth=597.50787pt
* \paperheight=845.04684pt
* \textwidth=398.3386pt
* \textheight=674.33032pt
* \oddsidemargin=41.54103pt
* \evensidemargin=41.54103pt
* \topmargin=-11.91173pt
* \headheight=0.0pt
* \headsep=25.0pt
* \topskip=12.0pt
* \footskip=30.0pt
* \marginparwidth=44.0pt
* \marginparsep=10.0pt
* \columnsep=10.0pt
* \skip\footins=10.8pt plus 4.0pt minus 2.0pt
* \hoffset=0.0pt
* \voffset=0.0pt
* \mag=1000
* \@twocolumnfalse
* \@twosidefalse
* \@mparswitchfalse
* \@reversemarginfalse
* (1in=72.27pt=25.4mm, 1cm=28.453pt)

Package caption Info: Begin \AtBeginDocument code.
Package caption Info: float package is loaded.
Package caption Info: longtable package is loaded.
(c:/texlive/2023/texmf-dist/tex/latex/caption/ltcaption.sty
Package: ltcaption 2021/01/08 v1.4c longtable captions (AR)
)
Package caption Info: End \AtBeginDocument code.
 (c:/texlive/2023/texmf-dist/tex/latex/pdflscape/pdflscape.sty
Package: pdflscape 2022-10-27 v0.13 Display of landscape pages in PDF
 (c:/texlive/2023/texmf-dist/tex/latex/pdflscape/pdflscape-nometadata.sty
Package: pdflscape-nometadata 2022-10-28 v0.13 Display of landscape pages in PDF (HO)
 (c:/texlive/2023/texmf-dist/tex/latex/graphics/lscape.sty
Package: lscape 2020/05/28 v3.02 Landscape Pages (DPC)
)
Package pdflscape Info: Auto-detected driver: pdftex on input line 81.
))
\openout2 = `sampul.aux'.

 (./sampul.tex
LaTeX Font Info:    Font shape `T1/ntxtlf/b/n' will be
(Font)              scaled to size 12.0pt on input line 5.
LaTeX Font Info:    Font shape `T1/ntxtlf/b/it' will be
(Font)              scaled to size 12.0pt on input line 5.
LaTeX Font Info:    Font shape `T1/ntxtlf/m/it' will be
(Font)              scaled to size 12.0pt on input line 8.
<pics/pengantar/TelU.png, id=278, 109.3686pt x 132.0132pt>
File: pics/pengantar/TelU.png Graphic file (type png)
<use pics/pengantar/TelU.png>
Package pdftex.def Info: pics/pengantar/TelU.png  used on input line 27.
(pdftex.def)             Requested size: 109.36832pt x 132.01286pt.
 [1


{c:/texlive/2023/texmf-var/fonts/map/pdftex/updmap/pdftex.map}{c:/texlive/2023/texmf-dist/fonts/enc/dvips/newtx/ntx-ec-tlf.enc} <./pics/pengantar/TelU.png>])
\openout2 = `pengesahan.aux'.

 (./pengesahan.tex
LaTeX Font Info:    Font shape `T1/ntxtlf/m/n' will be
(Font)              scaled to size 14.4pt on input line 1.
LaTeX Font Info:    Font shape `T1/ntxtlf/b/n' will be
(Font)              scaled to size 14.4pt on input line 1.
LaTeX Font Info:    Trying to load font information for OT1+ptmcm on input line 29.
 (c:/texlive/2023/texmf-dist/tex/latex/psnfss/ot1ptmcm.fd
File: ot1ptmcm.fd 2000/01/03 Fontinst v1.801 font definitions for OT1/ptmcm.
)
LaTeX Font Info:    Trying to load font information for OML+ptmcm on input line 29.
 (c:/texlive/2023/texmf-dist/tex/latex/psnfss/omlptmcm.fd
File: omlptmcm.fd 2000/01/03 Fontinst v1.801 font definitions for OML/ptmcm.
)
LaTeX Font Info:    Trying to load font information for OMX+psycm on input line 29.
 (c:/texlive/2023/texmf-dist/tex/latex/psnfss/omxpsycm.fd
File: omxpsycm.fd 2000/01/03 Fontinst v1.801 font definitions for OMX/psycm.
)
LaTeX Font Info:    Font shape `OT1/ptm/bx/n' in size <12> not available
(Font)              Font shape `OT1/ptm/b/n' tried instead on input line 29.
LaTeX Font Info:    Font shape `OT1/ptm/bx/n' in size <9> not available
(Font)              Font shape `OT1/ptm/b/n' tried instead on input line 29.
LaTeX Font Info:    Font shape `OT1/ptm/bx/n' in size <7> not available
(Font)              Font shape `OT1/ptm/b/n' tried instead on input line 29.
LaTeX Font Info:    Trying to load font information for U+msa on input line 29.
 (c:/texlive/2023/texmf-dist/tex/latex/amsfonts/umsa.fd
File: umsa.fd 2013/01/14 v3.01 AMS symbols A
)
LaTeX Font Info:    Trying to load font information for U+msb on input line 29.
 (c:/texlive/2023/texmf-dist/tex/latex/amsfonts/umsb.fd
File: umsb.fd 2013/01/14 v3.01 AMS symbols B
))
Underfull \hbox (badness 10000) in paragraph at lines 44--36

 []


Underfull \hbox (badness 10000) in paragraph at lines 44--36

 []

[2




]
\openout2 = `orisinalitas.aux'.

 (./orisinalitas.tex
<pics/pengantar/BimaFoto.png, id=294, 896.34875pt x 1344.02126pt>
File: pics/pengantar/BimaFoto.png Graphic file (type png)
<use pics/pengantar/BimaFoto.png>
Package pdftex.def Info: pics/pengantar/BimaFoto.png  used on input line 8.
(pdftex.def)             Requested size: 89.64012pt x 134.40999pt.

Overfull \vbox (31.8417pt too high) detected at line 8
 []


Overfull \hbox (20.34012pt too wide) in paragraph at lines 7--15
[][] 
 []

) [3




 <./pics/pengantar/BimaFoto.png>]
\openout2 = `abstrak.aux'.

 (./abstrak.tex
Underfull \hbox (badness 10000) in paragraph at lines 5--6

 []


Underfull \hbox (badness 10000) in paragraph at lines 13--14

 []

[4




])
\openout2 = `abstract.aux'.

 (./abstract.tex
Underfull \hbox (badness 10000) in paragraph at lines 9--10

 []

[5




])

Package hyperref Warning: Token not allowed in a PDF string (Unicode):
(hyperref)                removing `\uppercase' on input line 48.

\openout2 = `pengantar.aux'.

(./pengantar.tex
Underfull \hbox (badness 2512) in paragraph at lines 5--8
\T1/ntxtlf/m/n/12 hidayah-Nya yang senan-ti-asa dilimpahkan kepada penulis, se-hingga bisa
 []

[6




]
Underfull \hbox (badness 1028) in paragraph at lines 15--16
[]\T1/ntxtlf/m/n/12 Terima kasih un-tuk te-man te-man seper-juan-gan lab-o-ra-to-rium \T1/ntxtlf/m/it/12 Wire-less
 []

) [7] (./main.toc [8



] [9])
\tf@toc=\write5
\openout5 = `main.toc'.

 [10] (./main.lof [11


])
\tf@lof=\write6
\openout6 = `main.lof'.

 [12] (./main.lot)
\tf@lot=\write7
\openout7 = `main.lot'.

 [13


]
\openout2 = `listofappendix.aux'.

 (./listofappendix.tex) [14



]
\openout2 = `daftarIstilah.aux'.

 (./daftarIstilah.tex) [15




]
\openout2 = `bab1.aux'.

 (./bab1.tex
BAB I.

Package hyperref Warning: Token not allowed in a PDF string (Unicode):
(hyperref)                removing `\uppercase' on input line 2.

<pics/bab1/AplikasiRadar.png, id=631, 425.1885pt x 125.268pt>
File: pics/bab1/AplikasiRadar.png Graphic file (type png)
<use pics/bab1/AplikasiRadar.png>
Package pdftex.def Info: pics/bab1/AplikasiRadar.png  used on input line 14.
(pdftex.def)             Requested size: 212.59372pt x 62.63383pt.

pdfTeX warning (ext4): destination with the same identifier (name{page.1}) has been already used, duplicate ignored
<to be read again> 
                   \relax 
l.21 
      [1




 <./pics/bab1/AplikasiRadar.png>] [2]
Underfull \hbox (badness 5105) in paragraph at lines 36--37
[]\T1/ntxtlf/m/n/12 Perancangan sis-tem radar FMCW meng-gu-nakan GNU-Ra-dio yang
 []


Underfull \hbox (badness 1584) in paragraph at lines 36--37
\T1/ntxtlf/m/n/12 memak-si-malkan ke-mam-puan USRP B210 den-gan mem-per-tim-bangkan
 []

[3] [4]) [5]
\openout2 = `bab2.aux'.

 (./bab2.tex
BAB II.

Package hyperref Warning: Token not allowed in a PDF string (Unicode):
(hyperref)                removing `\uppercase' on input line 2.


Overfull \hbox (3.25763pt too wide) in paragraph at lines 18--18
[]|\T1/ntxtlf/b/n/12 No.| 
 []


Underfull \hbox (badness 10000) in paragraph at lines 20--21
[]|\T1/ntxtlf/m/n/12 Lenz,
 []


Underfull \hbox (badness 10000) in paragraph at lines 20--21
\T1/ntxtlf/m/n/12 Holtom,
 []


Underfull \hbox (badness 10000) in paragraph at lines 20--21
\T1/ntxtlf/m/n/12 Herschfelt,
 []


Underfull \hbox (badness 10000) in paragraph at lines 20--21
\T1/ntxtlf/m/n/12 Bliss,
 []


Underfull \hbox (badness 10000) in paragraph at lines 21--22
[]|\T1/ntxtlf/m/it/12 Respiratory
 []


Underfull \hbox (badness 1348) in paragraph at lines 21--22
\T1/ntxtlf/m/it/12 and Heart Rate
 []


Underfull \hbox (badness 2922) in paragraph at lines 21--22
\T1/ntxtlf/m/it/12 De-tec-tion Us-ing
 []


Underfull \hbox (badness 10000) in paragraph at lines 21--22
\T1/ntxtlf/m/it/12 Continuous-Wave
 []


Underfull \hbox (badness 10000) in paragraph at lines 21--22
\T1/ntxtlf/m/it/12 Radar Testbed
 []


Underfull \hbox (badness 10000) in paragraph at lines 21--22
\T1/ntxtlf/m/it/12 Im-ple-mented
 []


Underfull \hbox (badness 3713) in paragraph at lines 21--22
\T1/ntxtlf/m/it/12 in GNU Ra-dio
 []


Underfull \hbox (badness 10000) in paragraph at lines 22--23
[]|\T1/ntxtlf/m/it/12 Proceedings
 []


Underfull \hbox (badness 7256) in paragraph at lines 22--23
\T1/ntxtlf/m/it/12 of the 12th
 []


Underfull \hbox (badness 10000) in paragraph at lines 22--23
\T1/ntxtlf/m/it/12 GNU Ra-dio
 []


Underfull \hbox (badness 10000) in paragraph at lines 23--24
[]|\T1/ntxtlf/m/n/12 Penggunaan
 []


Underfull \hbox (badness 10000) in paragraph at lines 23--24
\T1/ntxtlf/m/n/12 ob-ser-vasi de-tak
 []


Underfull \hbox (badness 10000) in paragraph at lines 23--24
\T1/ntxtlf/m/n/12 jan-tung dan
 []


Underfull \hbox (badness 10000) in paragraph at lines 23--24
\T1/ntxtlf/m/n/12 per-na-pasan
 []


Underfull \hbox (badness 10000) in paragraph at lines 23--24
\T1/ntxtlf/m/n/12 meng-gu-nakan
 []


Underfull \hbox (badness 10000) in paragraph at lines 23--24
\T1/ntxtlf/m/n/12 GNU-Ra-dio
 []


Underfull \hbox (badness 10000) in paragraph at lines 23--24
\T1/ntxtlf/m/n/12 dan USRP
 []


Underfull \hbox (badness 2150) in paragraph at lines 23--24
\T1/ntxtlf/m/n/12 X310. Proses
 []


Underfull \hbox (badness 2521) in paragraph at lines 23--24
\T1/ntxtlf/m/n/12 pen-go-la-han data
 []


Underfull \hbox (badness 5345) in paragraph at lines 23--24
\T1/ntxtlf/m/n/12 se-cara lang-sung
 []


Underfull \hbox (badness 10000) in paragraph at lines 23--24
\T1/ntxtlf/m/n/12 den-gan hasil
 []


Underfull \hbox (badness 10000) in paragraph at lines 23--24
\T1/ntxtlf/m/n/12 es-ti-masi pada
 []


Underfull \hbox (badness 10000) in paragraph at lines 23--24
\T1/ntxtlf/m/n/12 jarak 5 BPM
 []


Underfull \hbox (badness 10000) in paragraph at lines 23--24
\T1/ntxtlf/m/n/12 diband-ing alat
 []


Underfull \hbox (badness 10000) in paragraph at lines 23--24
\T1/ntxtlf/m/n/12 mon-i-tor de-tak
 []


Underfull \hbox (badness 10000) in paragraph at lines 25--26
[]|\T1/ntxtlf/m/n/12 Wankhede,
 []


Underfull \hbox (badness 10000) in paragraph at lines 25--26
\T1/ntxtlf/m/n/12 De,
 []


Underfull \hbox (badness 7379) in paragraph at lines 26--27
[]|\T1/ntxtlf/m/it/12 Development of
 []


Underfull \hbox (badness 10000) in paragraph at lines 26--27
\T1/ntxtlf/m/it/12 L-Band FMCW
 []


Underfull \hbox (badness 3271) in paragraph at lines 26--27
\T1/ntxtlf/m/it/12 Radar on SDR
 []


Underfull \hbox (badness 6141) in paragraph at lines 27--28
[]|\T1/ntxtlf/m/it/12 2024 Sec-ond
 []


Underfull \hbox (badness 10000) in paragraph at lines 27--28
\T1/ntxtlf/m/it/12 In-ter-na-tional
 []


Underfull \hbox (badness 10000) in paragraph at lines 27--28
\T1/ntxtlf/m/it/12 Con-fer-ence
 []


Underfull \hbox (badness 5345) in paragraph at lines 27--28
\T1/ntxtlf/m/it/12 on Emerg-ing
 []


Underfull \hbox (badness 5302) in paragraph at lines 30--31
[]| \T1/ntxtlf/m/it/12 GNU RA-DIO
 []


Underfull \hbox (badness 10000) in paragraph at lines 31--32
[]|\T1/ntxtlf/m/it/12 Information
 []


Underfull \hbox (badness 10000) in paragraph at lines 31--32
\T1/ntxtlf/m/it/12 Tech-nol-ogy
 []


Underfull \hbox (badness 10000) in paragraph at lines 31--32
\T1/ntxtlf/m/it/12 and
 []


Underfull \hbox (badness 10000) in paragraph at lines 31--32
\T1/ntxtlf/m/it/12 En-gi-neer-ing
 []


Underfull \hbox (badness 10000) in paragraph at lines 32--33
[]|\T1/ntxtlf/m/n/12 untuk radar
 []


Underfull \hbox (badness 3302) in paragraph at lines 32--33
\T1/ntxtlf/m/n/12 pen-em-bus tanah
 []


Underfull \hbox (badness 10000) in paragraph at lines 32--33
\T1/ntxtlf/m/n/12 me-nun-jukkan
 []


Underfull \hbox (badness 10000) in paragraph at lines 32--33
\T1/ntxtlf/m/n/12 de-teksi dan
 []


Underfull \hbox (badness 10000) in paragraph at lines 32--33
\T1/ntxtlf/m/it/12 imag-ing \T1/ntxtlf/m/n/12 ob-jek
 []


Underfull \hbox (badness 10000) in paragraph at lines 32--33
\T1/ntxtlf/m/n/12 den-gan akurasi
 []


Underfull \hbox (badness 10000) in paragraph at lines 32--33
\T1/ntxtlf/m/n/12 dan res-o-lusi
 []


Underfull \hbox (badness 10000) in paragraph at lines 36--37
\T1/ntxtlf/m/n/12 Comite,
 []


Underfull \hbox (badness 10000) in paragraph at lines 36--37
\T1/ntxtlf/m/n/12 Podilchak,
 []


Underfull \hbox (badness 10000) in paragraph at lines 36--37
\T1/ntxtlf/m/n/12 Alistarh,
 []


Underfull \hbox (badness 10000) in paragraph at lines 36--37
\T1/ntxtlf/m/n/12 Goussetis,
 []


Underfull \hbox (badness 10000) in paragraph at lines 36--37
\T1/ntxtlf/m/n/12 Sellathurai,
 []


Underfull \hbox (badness 10000) in paragraph at lines 36--37
\T1/ntxtlf/m/n/12 Thompson,
 []


Underfull \hbox (badness 10000) in paragraph at lines 37--38
[]|\T1/ntxtlf/m/it/12 FMCW Radar
 []


Underfull \hbox (badness 10000) in paragraph at lines 37--38
\T1/ntxtlf/m/it/12 With En-hanced
 []


Underfull \hbox (badness 10000) in paragraph at lines 37--38
\T1/ntxtlf/m/it/12 Res-o-lu-tion and
 []


Underfull \hbox (badness 10000) in paragraph at lines 37--38
\T1/ntxtlf/m/it/12 Pro-cess-ing
 []


Underfull \hbox (badness 4341) in paragraph at lines 37--38
\T1/ntxtlf/m/it/12 Time by Beam
 []


Underfull \hbox (badness 10000) in paragraph at lines 38--39
[]|\T1/ntxtlf/m/it/12 IEEE Open
 []


Underfull \hbox (badness 10000) in paragraph at lines 38--39
\T1/ntxtlf/m/it/12 Jour-nal of
 []


Underfull \hbox (badness 1297) in paragraph at lines 38--39
\T1/ntxtlf/m/it/12 An-ten-nas and
 []

LaTeX Font Info:    Trying to load font information for TS1+ntxtlf on input line 39.
(c:/texlive/2023/texmf-dist/tex/latex/newtx/ts1ntxtlf.fd
File: ts1ntxtlf.fd 2015/01/18 v1.0 fd file for TS1/ntxtlf
)
LaTeX Font Info:    Font shape `TS1/ntxtlf/m/n' will be
(Font)              scaled to size 12.0pt on input line 39.

Underfull \hbox (badness 10000) in paragraph at lines 39--40
[]|\T1/ntxtlf/m/n/12 Implementasi
 []


Underfull \hbox (badness 10000) in paragraph at lines 39--40
\T1/ntxtlf/m/n/12 radar FMCW
 []


Underfull \hbox (badness 10000) in paragraph at lines 39--40
\T1/ntxtlf/m/n/12 pada frekuensi
 []


Underfull \hbox (badness 1509) in paragraph at lines 39--40
\T1/ntxtlf/m/n/12 ke-las K den-gan
 []


Underfull \hbox (badness 10000) in paragraph at lines 39--40
\T1/ntxtlf/m/it/12 beamm-form-ing
 []


Underfull \hbox (badness 10000) in paragraph at lines 39--40
\T1/ntxtlf/m/n/12 un-tuk de-teksi
 []


Underfull \hbox (badness 10000) in paragraph at lines 39--40
\T1/ntxtlf/m/n/12 arah pada
 []


Underfull \hbox (badness 10000) in paragraph at lines 39--40
\T1/ntxtlf/m/n/12 kendaraan
 []


Underfull \hbox (badness 10000) in paragraph at lines 39--40
\T1/ntxtlf/m/n/12 oto-mo-tif.
 []


Underfull \hbox (badness 10000) in paragraph at lines 39--40
\T1/ntxtlf/m/n/12 Radar mampu
 []


Underfull \hbox (badness 10000) in paragraph at lines 41--42
[]|\T1/ntxtlf/m/n/12 Dabrowski,
 []


Underfull \hbox (badness 10000) in paragraph at lines 41--42
\T1/ntxtlf/m/n/12 Stasiak,
 []


Overfull \hbox (4.31851pt too wide) in paragraph at lines 41--42
\T1/ntxtlf/m/n/12 Drozdowicz,
 []


Underfull \hbox (badness 10000) in paragraph at lines 41--42
\T1/ntxtlf/m/n/12 Gromek,
 []


Overfull \hbox (4.0905pt too wide) in paragraph at lines 41--42
\T1/ntxtlf/m/n/12 Samczynski,
 []


Underfull \hbox (badness 10000) in paragraph at lines 42--43
[]|\T1/ntxtlf/m/it/12 An X^^Uband
 []


Underfull \hbox (badness 10000) in paragraph at lines 42--43
\T1/ntxtlf/m/it/12 FMCW Radar
 []


Underfull \hbox (badness 10000) in paragraph at lines 42--43
\T1/ntxtlf/m/it/12 Demon-stra-tor
 []


Underfull \hbox (badness 3525) in paragraph at lines 42--43
\T1/ntxtlf/m/it/12 Plat-form \T1/ntxtlf/m/n/12 (2020)
 []


Underfull \hbox (badness 10000) in paragraph at lines 43--44
[]|\T1/ntxtlf/m/it/12 2020 21st
 []


Underfull \hbox (badness 10000) in paragraph at lines 43--44
\T1/ntxtlf/m/it/12 In-ter-na-tional
 []


Underfull \hbox (badness 10000) in paragraph at lines 43--44
\T1/ntxtlf/m/it/12 Radar
 []


Underfull \hbox (badness 10000) in paragraph at lines 43--44
\T1/ntxtlf/m/it/12 Sym-po-sium
 []


Underfull \hbox (badness 10000) in paragraph at lines 44--45
[]|\T1/ntxtlf/m/n/12 Desain radar
 []


Underfull \hbox (badness 10000) in paragraph at lines 44--45
\T1/ntxtlf/m/n/12 FMCW den-gan
 []


Underfull \hbox (badness 10000) in paragraph at lines 44--45
\T1/ntxtlf/m/it/12 band-width \T1/ntxtlf/m/n/12 1
 []


Underfull \hbox (badness 10000) in paragraph at lines 44--45
\T1/ntxtlf/m/n/12 GHz un-tuk
 []


Underfull \hbox (badness 10000) in paragraph at lines 44--45
\T1/ntxtlf/m/n/12 men-da-p-atkan
 []


Underfull \hbox (badness 10000) in paragraph at lines 44--45
\T1/ntxtlf/m/n/12 res-o-lusi jarak
 []


Underfull \hbox (badness 10000) in paragraph at lines 44--45
\T1/ntxtlf/m/n/12 yang ke-cil,
 []


Underfull \hbox (badness 10000) in paragraph at lines 44--45
\T1/ntxtlf/m/n/12 di-da-pat hasil
 []


Underfull \hbox (badness 10000) in paragraph at lines 48--48
\T1/ntxtlf/m/n/12 den-gan adanya
 []


Underfull \hbox (badness 2351) in paragraph at lines 48--48
\T1/ntxtlf/m/n/12 perg-er-akan pada
 []


Underfull \hbox (badness 10000) in paragraph at lines 48--48
\T1/ntxtlf/m/n/12 daerah yang
 []


Underfull \hbox (badness 10000) in paragraph at lines 50--51
\T1/ntxtlf/m/n/12 Tavanti,
 []


Underfull \hbox (badness 10000) in paragraph at lines 50--51
\T1/ntxtlf/m/n/12 Vio,
 []


Underfull \hbox (badness 10000) in paragraph at lines 50--51
\T1/ntxtlf/m/n/12 Delucchi,
 []


Underfull \hbox (badness 10000) in paragraph at lines 50--51
\T1/ntxtlf/m/n/12 Chible,
 []


Underfull \hbox (badness 10000) in paragraph at lines 50--51
\T1/ntxtlf/m/n/12 Randazzo,
 []


Underfull \hbox (badness 10000) in paragraph at lines 50--51
\T1/ntxtlf/m/n/12 Caviglia,
 []


Underfull \hbox (badness 10000) in paragraph at lines 51--52
[]|\T1/ntxtlf/m/it/12 Single Tar-get
 []


Underfull \hbox (badness 10000) in paragraph at lines 51--52
\T1/ntxtlf/m/it/12 Recog-ni-tion
 []


Underfull \hbox (badness 10000) in paragraph at lines 51--52
\T1/ntxtlf/m/it/12 Us-ing a
 []


Underfull \hbox (badness 10000) in paragraph at lines 51--52
\T1/ntxtlf/m/it/12 Radar Based
 []


Underfull \hbox (badness 10000) in paragraph at lines 51--52
\T1/ntxtlf/m/it/12 on Spec-trum
 []


Underfull \hbox (badness 7081) in paragraph at lines 51--52
\T1/ntxtlf/m/it/12 Anal-y-sis \T1/ntxtlf/m/n/12 (2020)
 []


Underfull \hbox (badness 10000) in paragraph at lines 52--53
[]|\T1/ntxtlf/m/it/12 2020 27th
 []


Underfull \hbox (badness 10000) in paragraph at lines 52--53
\T1/ntxtlf/m/it/12 IEEE
 []


Underfull \hbox (badness 10000) in paragraph at lines 52--53
\T1/ntxtlf/m/it/12 In-ter-na-tional
 []


Underfull \hbox (badness 10000) in paragraph at lines 52--53
\T1/ntxtlf/m/it/12 Elec-tron-ics,
 []


Underfull \hbox (badness 10000) in paragraph at lines 52--53
\T1/ntxtlf/m/it/12 Cir-cuits
 []


Underfull \hbox (badness 10000) in paragraph at lines 52--53
\T1/ntxtlf/m/it/12 and Sys-tems
 []


Underfull \hbox (badness 10000) in paragraph at lines 53--54
[]|\T1/ntxtlf/m/n/12 Pengolahan
 []


Underfull \hbox (badness 10000) in paragraph at lines 53--54
\T1/ntxtlf/m/n/12 sinyal radar
 []


Underfull \hbox (badness 10000) in paragraph at lines 53--54
\T1/ntxtlf/m/n/12 klasi-fikasi data
 []


Underfull \hbox (badness 10000) in paragraph at lines 53--54
\T1/ntxtlf/m/n/12 meng-gu-nakan
 []


Underfull \hbox (badness 10000) in paragraph at lines 53--54
\T1/ntxtlf/m/it/12 Sup-port Vec-tor
 []


Underfull \hbox (badness 10000) in paragraph at lines 53--54
\T1/ntxtlf/m/n/12 di-da-pat hasil
 []


Underfull \hbox (badness 10000) in paragraph at lines 53--54
\T1/ntxtlf/m/n/12 me-nun-jukkan
 []


Underfull \hbox (badness 6252) in paragraph at lines 53--54
\T1/ntxtlf/m/n/12 tar-get men-ca-pai
 []


Underfull \hbox (badness 10000) in paragraph at lines 55--56
[]|\T1/ntxtlf/m/n/12 Jeong,
 []


Underfull \hbox (badness 10000) in paragraph at lines 55--56
\T1/ntxtlf/m/n/12 Kim,
 []


Underfull \hbox (badness 10000) in paragraph at lines 56--57
[]|\T1/ntxtlf/m/it/12 Educational
 []


Underfull \hbox (badness 10000) in paragraph at lines 56--57
\T1/ntxtlf/m/it/12 Low-Cost
 []


Underfull \hbox (badness 6592) in paragraph at lines 56--57
\T1/ntxtlf/m/it/12 C-Band FMCW
 []


Underfull \hbox (badness 10000) in paragraph at lines 56--57
\T1/ntxtlf/m/it/12 Radar Sys-tem
 []


Underfull \hbox (badness 10000) in paragraph at lines 56--57
\T1/ntxtlf/m/it/12 Com-pris-ing
 []


Underfull \hbox (badness 10000) in paragraph at lines 58--59
[]|\T1/ntxtlf/m/n/12 Desain dan
 []


Underfull \hbox (badness 10000) in paragraph at lines 58--59
\T1/ntxtlf/m/n/12 im-ple-men-tasi
 []


Underfull \hbox (badness 10000) in paragraph at lines 58--59
\T1/ntxtlf/m/n/12 radar FMCW
 []


Underfull \hbox (badness 10000) in paragraph at lines 58--59
\T1/ntxtlf/m/n/12 pada frekuensi
 []


Underfull \hbox (badness 10000) in paragraph at lines 60--61
[]| \T1/ntxtlf/m/it/12 Off-the-Shelf
 []


Underfull \hbox (badness 10000) in paragraph at lines 60--61
\T1/ntxtlf/m/it/12 Com-po-nents
 []


Underfull \hbox (badness 10000) in paragraph at lines 60--61
\T1/ntxtlf/m/it/12 for In-door
 []


Underfull \hbox (badness 10000) in paragraph at lines 60--61
\T1/ntxtlf/m/it/12 Through-Wall
 []


Underfull \hbox (badness 10000) in paragraph at lines 62--62
[]|\T1/ntxtlf/m/n/12 komponen
 []


Underfull \hbox (badness 10000) in paragraph at lines 62--62
\T1/ntxtlf/m/n/12 elek-tronik yang
 []


Underfull \hbox (badness 10000) in paragraph at lines 62--62
\T1/ntxtlf/m/n/12 mu-dah di-da-pat.
 []


Underfull \hbox (badness 10000) in paragraph at lines 62--62
\T1/ntxtlf/m/n/12 Im-ple-men-tasi
 []


Underfull \hbox (badness 10000) in paragraph at lines 62--62
\T1/ntxtlf/m/n/12 di-lakukan
 []


Underfull \hbox (badness 2790) in paragraph at lines 62--62
\T1/ntxtlf/m/n/12 den-gan ske-nario
 []


Underfull \hbox (badness 1337) in paragraph at lines 62--62
\T1/ntxtlf/m/n/12 pen-gu-jian dalam
 []


Underfull \hbox (badness 10000) in paragraph at lines 62--62
\T1/ntxtlf/m/n/12 ru-an-gan dan
 []


Underfull \hbox (badness 3724) in paragraph at lines 62--62
\T1/ntxtlf/m/n/12 tem-bus dind-ing.
 []


Underfull \hbox (badness 10000) in paragraph at lines 62--62
\T1/ntxtlf/m/n/12 Di-da-pat hasil
 []


Underfull \hbox (badness 10000) in paragraph at lines 64--65
[]|\T1/ntxtlf/m/n/12 Pramudita,
 []


Underfull \hbox (badness 10000) in paragraph at lines 64--65
\T1/ntxtlf/m/n/12 Aloy-sius
 []


Underfull \hbox (badness 10000) in paragraph at lines 64--65
\T1/ntxtlf/m/n/12 Suratman,
 []


Underfull \hbox (badness 10000) in paragraph at lines 64--65
\T1/ntxtlf/m/n/12 Arseno,
 []


Underfull \hbox (badness 10000) in paragraph at lines 65--66
\T1/ntxtlf/m/it/12 sys-tem for
 []


Underfull \hbox (badness 10000) in paragraph at lines 65--66
\T1/ntxtlf/m/it/12 non-contact
 []


Underfull \hbox (badness 10000) in paragraph at lines 65--66
\T1/ntxtlf/m/it/12 res-pi-ra-tion
 []


Underfull \hbox (badness 10000) in paragraph at lines 66--67
[]|\T1/ntxtlf/m/it/12 Journal of
 []


Underfull \hbox (badness 10000) in paragraph at lines 66--67
\T1/ntxtlf/m/it/12 Med-i-cal
 []


Underfull \hbox (badness 10000) in paragraph at lines 66--67
\T1/ntxtlf/m/it/12 En-gi-neer-ing
 []


Underfull \hbox (badness 10000) in paragraph at lines 66--67
\T1/ntxtlf/m/it/12 and
 []


Underfull \hbox (badness 10000) in paragraph at lines 67--68
[]|\T1/ntxtlf/m/n/12 Dengan
 []


Underfull \hbox (badness 10000) in paragraph at lines 67--68
\T1/ntxtlf/m/n/12 melakukan
 []


Underfull \hbox (badness 5316) in paragraph at lines 67--68
\T1/ntxtlf/m/n/12 mod-i-fikasi pada
 []


Underfull \hbox (badness 2521) in paragraph at lines 67--68
\T1/ntxtlf/m/n/12 pen-go-la-han data
 []


Underfull \hbox (badness 10000) in paragraph at lines 67--68
\T1/ntxtlf/m/n/12 fasa sete-lah
 []


Underfull \hbox (badness 1348) in paragraph at lines 67--68
\T1/ntxtlf/m/n/12 fil-ter \T1/ntxtlf/m/it/12 Low Pass\T1/ntxtlf/m/n/12 .
 []


Underfull \hbox (badness 10000) in paragraph at lines 72--74
[]|\T1/ntxtlf/m/n/12 modifikasi
 []


Underfull \hbox (badness 10000) in paragraph at lines 72--74
\T1/ntxtlf/m/n/12 mampu
 []


Underfull \hbox (badness 10000) in paragraph at lines 72--74
\T1/ntxtlf/m/n/12 mende-teksi
 []


Underfull \hbox (badness 10000) in paragraph at lines 72--74
\T1/ntxtlf/m/n/12 waktu dan
 []


Underfull \hbox (badness 10000) in paragraph at lines 72--74
\T1/ntxtlf/m/n/12 am-pli-tudo
 []


Underfull \hbox (badness 10000) in paragraph at lines 72--74
\T1/ntxtlf/m/n/12 per-nafasan,
 []


Underfull \hbox (badness 10000) in paragraph at lines 75--76
[]|\T1/ntxtlf/m/n/12 Pramudita,
 []


Underfull \hbox (badness 10000) in paragraph at lines 75--76
\T1/ntxtlf/m/n/12 Aloy-sius
 []


Underfull \hbox (badness 10000) in paragraph at lines 75--76
\T1/ntxtlf/m/n/12 Lin,
 []


Underfull \hbox (badness 10000) in paragraph at lines 75--76
\T1/ntxtlf/m/n/12 Dhiyani,
 []


Underfull \hbox (badness 10000) in paragraph at lines 75--76
\T1/ntxtlf/m/n/12 Az-izka
 []


Underfull \hbox (badness 10000) in paragraph at lines 76--77
[]|\T1/ntxtlf/m/it/12 FMCW Radar
 []


Underfull \hbox (badness 10000) in paragraph at lines 76--77
\T1/ntxtlf/m/it/12 for Non-con-tact
 []


Underfull \hbox (badness 1552) in paragraph at lines 76--77
\T1/ntxtlf/m/it/12 Bridge Struc-ture
 []


Underfull \hbox (badness 10000) in paragraph at lines 76--77
\T1/ntxtlf/m/it/12 Dis-place-ment
 []


Underfull \hbox (badness 10000) in paragraph at lines 76--77
\T1/ntxtlf/m/it/12 Es-ti-ma-tion
 []


Underfull \hbox (badness 10000) in paragraph at lines 77--78
[]|\T1/ntxtlf/m/it/12 IEEE
 []


Underfull \hbox (badness 10000) in paragraph at lines 77--78
\T1/ntxtlf/m/it/12 Trans-ac-tions
 []


Underfull \hbox (badness 10000) in paragraph at lines 77--78
\T1/ntxtlf/m/it/12 on
 []


Overfull \hbox (5.5361pt too wide) in paragraph at lines 77--78
\T1/ntxtlf/m/it/12 In-stru-men-ta-tion
 []


Underfull \hbox (badness 10000) in paragraph at lines 77--78
\T1/ntxtlf/m/it/12 and
 []


Underfull \hbox (badness 10000) in paragraph at lines 78--79
[]|\T1/ntxtlf/m/n/12 Implementasi
 []


Underfull \hbox (badness 10000) in paragraph at lines 78--79
\T1/ntxtlf/m/n/12 radar FMCW
 []


Underfull \hbox (badness 10000) in paragraph at lines 78--79
\T1/ntxtlf/m/n/12 pada frekuensi
 []


Underfull \hbox (badness 10000) in paragraph at lines 78--79
\T1/ntxtlf/m/it/12 band-width \T1/ntxtlf/m/n/12 150
 []


Underfull \hbox (badness 10000) in paragraph at lines 78--79
\T1/ntxtlf/m/n/12 MHz un-tuk
 []


Underfull \hbox (badness 10000) in paragraph at lines 79--80
[]|\T1/ntxtlf/m/n/12 Ryanu,
 []


Underfull \hbox (badness 10000) in paragraph at lines 79--80
\T1/ntxtlf/m/n/12 Har-fan
 []


Overfull \hbox (4.8825pt too wide) in paragraph at lines 79--80
\T1/ntxtlf/m/n/12 Adiprabowo,
 []


Underfull \hbox (badness 10000) in paragraph at lines 79--80
\T1/ntxtlf/m/n/12 Yudha,
 []


Underfull \hbox (badness 10000) in paragraph at lines 79--80
\T1/ntxtlf/m/n/12 Er-fan-syah
 []


Underfull \hbox (badness 3396) in paragraph at lines 83--84
[]|\T1/ntxtlf/m/n/12 pergeseran ke-cil
 []


Underfull \hbox (badness 10000) in paragraph at lines 83--84
\T1/ntxtlf/m/n/12 pada ban-gu-nan
 []


Underfull \hbox (badness 10000) in paragraph at lines 83--84
\T1/ntxtlf/m/n/12 me-nun-jukkan
 []


Underfull \hbox (badness 5331) in paragraph at lines 83--84
\T1/ntxtlf/m/n/12 metode berhasil
 []


Underfull \hbox (badness 10000) in paragraph at lines 83--84
\T1/ntxtlf/m/n/12 den-gan kon-disi
 []


Underfull \hbox (badness 10000) in paragraph at lines 85--86
\T1/ntxtlf/m/n/12 Liu,
 []


Underfull \hbox (badness 10000) in paragraph at lines 85--86
\T1/ntxtlf/m/n/12 Wang,
 []


Underfull \hbox (badness 10000) in paragraph at lines 85--86
\T1/ntxtlf/m/n/12 Chen,
 []


Underfull \hbox (badness 10000) in paragraph at lines 86--87
\T1/ntxtlf/m/it/12 Heart Rate
 []


Underfull \hbox (badness 10000) in paragraph at lines 86--87
\T1/ntxtlf/m/it/12 Radar \T1/ntxtlf/m/n/12 (2023)
 []


Underfull \hbox (badness 10000) in paragraph at lines 88--89
[]|\T1/ntxtlf/m/n/12 Radar FMCW
 []


Underfull \hbox (badness 10000) in paragraph at lines 88--89
\T1/ntxtlf/m/n/12 den-gan
 []


Underfull \hbox (badness 10000) in paragraph at lines 88--89
\T1/ntxtlf/m/n/12 gelom-bang
 []


Underfull \hbox (badness 4205) in paragraph at lines 88--89
\T1/ntxtlf/m/n/12 milime-ter un-tuk
 []


Underfull \hbox (badness 10000) in paragraph at lines 88--89
\T1/ntxtlf/m/n/12 pen-ingkatan
 []


Underfull \hbox (badness 10000) in paragraph at lines 88--89
\T1/ntxtlf/m/n/12 akurasi
 []


Underfull \hbox (badness 10000) in paragraph at lines 88--89
\T1/ntxtlf/m/n/12 meng-gu-nakan
 []


Underfull \hbox (badness 10000) in paragraph at lines 88--89
\T1/ntxtlf/m/n/12 al-go-ritma
 []


Underfull \hbox (badness 10000) in paragraph at lines 88--89
\T1/ntxtlf/m/it/12 Vari-able Mode
 []


Underfull \hbox (badness 10000) in paragraph at lines 88--89
\T1/ntxtlf/m/it/12 Ex-trac-tion
 []


Underfull \hbox (badness 10000) in paragraph at lines 88--89
\T1/ntxtlf/m/n/12 dan teknik
 []


Underfull \hbox (badness 10000) in paragraph at lines 93--94
[]|\T1/ntxtlf/m/n/12 frekuensi
 []


Underfull \hbox (badness 10000) in paragraph at lines 93--94
\T1/ntxtlf/m/it/12 Double-CZT\T1/ntxtlf/m/n/12 .
 []


Underfull \hbox (badness 8189) in paragraph at lines 93--94
\T1/ntxtlf/m/n/12 Tingkat akurasi
 []


Underfull \hbox (badness 10000) in paragraph at lines 93--94
\T1/ntxtlf/m/n/12 meningkat
 []


Underfull \hbox (badness 10000) in paragraph at lines 93--94
\T1/ntxtlf/m/it/12 er-ror \T1/ntxtlf/m/n/12 ab-so-lut
 []


Underfull \hbox (badness 10000) in paragraph at lines 93--94
\T1/ntxtlf/m/n/12 ku-rang dari
 []


Underfull \hbox (badness 10000) in paragraph at lines 93--94
\T1/ntxtlf/m/n/12 1 bpm, ni-lai
 []


Underfull \hbox (badness 4217) in paragraph at lines 93--94
\T1/ntxtlf/m/n/12 SNR meningkat
 []


Underfull \hbox (badness 10000) in paragraph at lines 93--94
\T1/ntxtlf/m/n/12 akurasi de-tak
 []


Underfull \hbox (badness 10000) in paragraph at lines 93--94
\T1/ntxtlf/m/n/12 jan-tung juga
 []

[6




] [7{c:/texlive/2023/texmf-dist/fonts/enc/dvips/tex-gyre/q-ts1.enc}] [8] [9] [10] [11]
<pics/bab2/skemaradar.png, id=749, 764.8575pt x 289.08pt>
File: pics/bab2/skemaradar.png Graphic file (type png)
<use pics/bab2/skemaradar.png>
Package pdftex.def Info: pics/bab2/skemaradar.png  used on input line 123.
(pdftex.def)             Requested size: 229.45901pt x 86.72466pt.
<pics/bab2/blokdiagram.png, id=753, 986.68625pt x 714.67pt>
File: pics/bab2/blokdiagram.png Graphic file (type png)
<use pics/bab2/blokdiagram.png>
Package pdftex.def Info: pics/bab2/blokdiagram.png  used on input line 133.
(pdftex.def)             Requested size: 296.00815pt x 214.40265pt.
 [12{c:/texlive/2023/texmf-dist/fonts/enc/dvips/base/8r.enc} <./pics/bab2/skemaradar.png> <./pics/bab2/blokDiagram.png>]
Underfull \hbox (badness 1067) in paragraph at lines 148--149
[]\T1/ntxtlf/m/n/12 Salah satu per-samaan pada radar adalah \T1/ntxtlf/m/it/12 max-i-mum un-am-bigu-ous range
 []

LaTeX Font Info:    Font shape `T1/ntxtlf/m/n' will be
(Font)              scaled to size 9.0pt on input line 165.
LaTeX Font Info:    Font shape `T1/ntxtlf/m/n' will be
(Font)              scaled to size 7.0pt on input line 165.
[13]
Underfull \hbox (badness 1248) in paragraph at lines 178--179
[]\T1/ntxtlf/m/n/12 Untuk men-da-pat su-atu kes-im-pu-lan dari sinyal radar, maka dibu-tuhkan
 []

<pics/bab2/radarwaveform.png, id=784, 519.44063pt x 258.21469pt>
File: pics/bab2/radarwaveform.png Graphic file (type png)
<use pics/bab2/radarwaveform.png>
Package pdftex.def Info: pics/bab2/radarwaveform.png  used on input line 186.
(pdftex.def)             Requested size: 415.55307pt x 206.57202pt.

Overfull \hbox (17.21448pt too wide) in paragraph at lines 186--187
 [] 
 []

[14 <./pics/bab2/radarwaveform.png>]
<pics/bab2/blokDiagramFMCW.png, id=796, 1267.73625pt x 429.605pt>
File: pics/bab2/blokDiagramFMCW.png Graphic file (type png)
<use pics/bab2/blokDiagramFMCW.png>
Package pdftex.def Info: pics/bab2/blokDiagramFMCW.png  used on input line 203.
(pdftex.def)             Requested size: 380.3238pt x 128.88249pt.
<pics/bab2/ChirpTx.jpg, id=797, 702.625pt x 526.96875pt>
File: pics/bab2/ChirpTx.jpg Graphic file (type jpg)
<use pics/bab2/ChirpTx.jpg>
Package pdftex.def Info: pics/bab2/ChirpTx.jpg  used on input line 213.
(pdftex.def)             Requested size: 281.04501pt x 210.78375pt.
 [15 <./pics/bab2/blokDiagramFMCW.png>] [16 <./pics/bab2/ChirpTx.jpg>]
Underfull \hbox (badness 1163) in paragraph at lines 249--250
[]\T1/ntxtlf/m/n/12 Selain itu, salah satu fak-tor pent-ing yang perlu diper-hi-tungkan dalam
 []


Underfull \hbox (badness 1297) in paragraph at lines 282--283
[]\T1/ntxtlf/m/n/12 Salah satu je-nis gelom-bang LFM adalah \T1/ntxtlf/m/it/12 Lin-ear Tri-an-gu-lar Fre-quency
 []

[17]
<pics/bab2/lfmTriangular.png, id=833, 595.22375pt x 234.8775pt>
File: pics/bab2/lfmTriangular.png Graphic file (type png)
<use pics/bab2/lfmTriangular.png>
Package pdftex.def Info: pics/bab2/lfmTriangular.png  used on input line 288.
(pdftex.def)             Requested size: 327.37407pt x 129.18301pt.
<pics/bab2/lfmSawtooth.png, id=837, 602.85225pt x 239.6955pt>
File: pics/bab2/lfmSawtooth.png Graphic file (type png)
<use pics/bab2/lfmSawtooth.png>
Package pdftex.def Info: pics/bab2/lfmSawtooth.png  used on input line 299.
(pdftex.def)             Requested size: 391.84932pt x 155.80022pt.
<pics/bab2/lfmDetail.png, id=841, 642.60075pt x 214.401pt>
File: pics/bab2/lfmDetail.png Graphic file (type png)
<use pics/bab2/lfmDetail.png>
Package pdftex.def Info: pics/bab2/lfmDetail.png  used on input line 309.
(pdftex.def)             Requested size: 417.68553pt x 139.359pt.

Overfull \hbox (19.34694pt too wide) in paragraph at lines 309--310
 [] 
 []

[18 <./pics/bab2/lfmTriangular.png> <./pics/bab2/lfmSawtooth.png>]
<pics/bab2/DetailMod.jpg, id=852, 1017.88733pt x 1221.46478pt>
File: pics/bab2/DetailMod.jpg Graphic file (type jpg)
<use pics/bab2/DetailMod.jpg>
Package pdftex.def Info: pics/bab2/DetailMod.jpg  used on input line 319.
(pdftex.def)             Requested size: 264.64445pt x 317.57335pt.
 [19 <./pics/bab2/LFMDetail.png> <./pics/bab2/DetailMod.jpg>]
LaTeX Font Info:    Font shape `T1/ntxtlf/b/it' will be
(Font)              scaled to size 14.4pt on input line 352.
 [20]
Underfull \hbox (badness 1509) in paragraph at lines 355--356
[]\T1/ntxtlf/m/n/12 Dalam im-ple-men-tasinya, SDR mem-bu-tuhkan \T1/ntxtlf/m/it/12 Uni-ver-sal Soft-ware Ra-dio
 []

<pics/bab2/B210.jpg, id=873, 474.95168pt x 269.01843pt>
File: pics/bab2/B210.jpg Graphic file (type jpg)
<use pics/bab2/B210.jpg>
Package pdftex.def Info: pics/bab2/B210.jpg  used on input line 366.
(pdftex.def)             Requested size: 199.1693pt x 112.81456pt.
LaTeX Font Info:    Font shape `T1/ntxtlf/m/n' will be
(Font)              scaled to size 10.95pt on input line 367.
LaTeX Font Info:    Font shape `T1/ntxtlf/b/n' will be
(Font)              scaled to size 10.95pt on input line 367.
LaTeX Font Info:    Font shape `T1/ntxtlf/m/it' will be
(Font)              scaled to size 10.95pt on input line 367.
<pics/bab2/B210Board.jpg, id=874, 2979.13pt x 2453.165pt>
File: pics/bab2/B210Board.jpg Graphic file (type jpg)
<use pics/bab2/B210Board.jpg>
Package pdftex.def Info: pics/bab2/B210Board.jpg  used on input line 370.
(pdftex.def)             Requested size: 199.1693pt x 163.99062pt.

Overfull \hbox (1.79993pt too wide) in paragraph at lines 365--373
[][] [] 
 []

[21 <./pics/bab2/B210.jpg> <./pics/bab2/B210Board.jpg>]
Overfull \hbox (17.00136pt too wide) in alignment at lines 383--409
 [] [] [] [] 
 []


Underfull \hbox (badness 2080) in paragraph at lines 411--412
[]\T1/ntxtlf/m/n/12 Dengan spe-si-fikasi terse-but, maka USRP B210 memi-liki ke-mam-puan
 []

<pics/bab2/blokDiagramGRC.png, id=883, 1155.1155pt x 613.0905pt>
File: pics/bab2/blokDiagramGRC.png Graphic file (type png)
<use pics/bab2/blokDiagramGRC.png>
Package pdftex.def Info: pics/bab2/blokDiagramGRC.png  used on input line 421.
(pdftex.def)             Requested size: 346.53732pt x 183.92856pt.
[22]
<pics/bab2/contohRunGRC.png, id=891, 720.291pt x 611.28375pt>
File: pics/bab2/contohRunGRC.png Graphic file (type png)
<use pics/bab2/contohRunGRC.png>
Package pdftex.def Info: pics/bab2/contohRunGRC.png  used on input line 431.
(pdftex.def)             Requested size: 288.11128pt x 244.50917pt.
) [23 <./pics/bab2/blokDiagramGRC.png> <./pics/bab2/contohRunGRC.png>]
\openout2 = `bab3.aux'.

 (./bab3.tex
BAB III.

Package hyperref Warning: Token not allowed in a PDF string (Unicode):
(hyperref)                removing `\uppercase' on input line 2.

<pics/bab3/FlowchartTugasAkhir.png, id=898, 278.4804pt x 701.7417pt>
File: pics/bab3/FlowchartTugasAkhir.png Graphic file (type png)
<use pics/bab3/FlowchartTugasAkhir.png>
Package pdftex.def Info: pics/bab3/FlowchartTugasAkhir.png  used on input line 11.
(pdftex.def)             Requested size: 139.23985pt x 350.87pt.
[24




 <./pics/bab3/FlowchartTugasAkhir.png>] [25]
Underfull \hbox (badness 1152) in paragraph at lines 69--70
[]\T1/ntxtlf/m/n/12 Menghitung res-o-lusi jarak berdasarkan per-samaan ([]2.11[]) dan den-gan
 []

[26]
<pics/bab3/laptop.jpg, id=918, 1106.63437pt x 877.77937pt>
File: pics/bab3/laptop.jpg Graphic file (type jpg)
<use pics/bab3/laptop.jpg>
Package pdftex.def Info: pics/bab3/laptop.jpg  used on input line 117.
(pdftex.def)             Requested size: 221.32295pt x 175.55276pt.
 [27]
<pics/bab3/usrp2.jpg, id=924, 4175.6pt x 3131.7pt>
File: pics/bab3/usrp2.jpg Graphic file (type jpg)
<use pics/bab3/usrp2.jpg>
Package pdftex.def Info: pics/bab3/usrp2.jpg  used on input line 131.
(pdftex.def)             Requested size: 187.89389pt x 140.92041pt.
<pics/bab3/logPeriodic.jpg, id=925, 4175.6pt x 3131.7pt>
File: pics/bab3/logPeriodic.jpg Graphic file (type jpg)
<use pics/bab3/logPeriodic.jpg>
Package pdftex.def Info: pics/bab3/logPeriodic.jpg  used on input line 144.
(pdftex.def)             Requested size: 208.79224pt x 156.59416pt.
 [28 <./pics/bab3/laptop.jpg> <./pics/bab3/usrp2.jpg>]
Underfull \hbox (badness 1708) in paragraph at lines 158--159
[]\T1/ntxtlf/m/n/12 Pada tahap ini, pengam-bi-lan data den-gan radar yang su-dah dide-sain
 []

<pics/bab3/skema.png, id=933, 698.61pt x 201.75375pt>
File: pics/bab3/skema.png Graphic file (type png)
<use pics/bab3/skema.png>
Package pdftex.def Info: pics/bab3/skema.png  used on input line 162.
(pdftex.def)             Requested size: 384.23668pt x 110.96489pt.
<pics/bab3/petaPengujian.png, id=934, 543.2295pt x 389.65575pt>
File: pics/bab3/petaPengujian.png Graphic file (type png)
<use pics/bab3/petaPengujian.png>
Package pdftex.def Info: pics/bab3/petaPengujian.png  used on input line 172.
(pdftex.def)             Requested size: 244.451pt x 175.34346pt.
[29 <./pics/bab3/logPeriodic.jpg> <./pics/bab3/skema.png>]
<pics/bab3/konfigurasiPengujian.jpg, id=941, 4175.6pt x 3131.7pt>
File: pics/bab3/konfigurasiPengujian.jpg Graphic file (type jpg)
<use pics/bab3/konfigurasiPengujian.jpg>
Package pdftex.def Info: pics/bab3/konfigurasiPengujian.jpg  used on input line 185.
(pdftex.def)             Requested size: 292.32187pt x 219.2414pt.
 [30 <./pics/bab3/petaPengujian.png> <./pics/bab3/konfigurasiPengujian.jpg>]
Underfull \hbox (badness 4467) in paragraph at lines 207--208
[]\T1/ntxtlf/m/n/12 Prediksi ni-lai frekuensi doppler da-pat di-lakukan den-gan men-gubah
 []

) [31]
\openout2 = `bab4.aux'.

 (./bab4.tex
BAB IV.

Package hyperref Warning: Token not allowed in a PDF string (Unicode):
(hyperref)                removing `\uppercase' on input line 2.

<pics/bab4/Simulasi.jpg, id=955, 1397.34045pt x 670.6656pt>
File: pics/bab4/Simulasi.jpg Graphic file (type jpg)
<use pics/bab4/Simulasi.jpg>
Package pdftex.def Info: pics/bab4/Simulasi.jpg  used on input line 11.
(pdftex.def)             Requested size: 349.33426pt x 167.66599pt.
[32




 <./pics/bab4/Simulasi.jpg>]
<pics/bab4/Ukur Pola Antena 23 Juli/S21A1.png, id=962, 703.428pt x 447.417pt>
File: pics/bab4/Ukur Pola Antena 23 Juli/S21A1.png Graphic file (type png)
<use pics/bab4/Ukur Pola Antena 23 Juli/S21A1.png>
Package pdftex.def Info: pics/bab4/Ukur Pola Antena 23 Juli/S21A1.png  used on input line 27.
(pdftex.def)             Requested size: 351.71313pt x 223.70795pt.
<pics/bab4/PengujianRange/3/Masuk.jpg, id=965, 2348.775pt x 1751.7947pt>
File: pics/bab4/PengujianRange/3/Masuk.jpg Graphic file (type jpg)
<use pics/bab4/PengujianRange/3/Masuk.jpg>
Package pdftex.def Info: pics/bab4/PengujianRange/3/Masuk.jpg  used on input line 46.
(pdftex.def)             Requested size: 234.89127pt x 175.18973pt.
 [33 <./pics/bab4/Ukur Pola Antena 23 Juli/S21A1.png>]
<pics/bab4/PengujianRange/6/Masuk.jpg, id=972, 4175.6pt x 3131.7pt>
File: pics/bab4/PengujianRange/6/Masuk.jpg Graphic file (type jpg)
<use pics/bab4/PengujianRange/6/Masuk.jpg>
Package pdftex.def Info: pics/bab4/PengujianRange/6/Masuk.jpg  used on input line 57.
(pdftex.def)             Requested size: 292.32187pt x 219.2414pt.
 [34 <./pics/bab4/PengujianRange/3/Masuk.jpg> <./pics/bab4/PengujianRange/6/Masuk.jpg>]
<pics/bab4/PengujianRange/9/Masuk.jpg, id=978, 4175.6pt x 3131.7pt>
File: pics/bab4/PengujianRange/9/Masuk.jpg Graphic file (type jpg)
<use pics/bab4/PengujianRange/9/Masuk.jpg>
Package pdftex.def Info: pics/bab4/PengujianRange/9/Masuk.jpg  used on input line 68.
(pdftex.def)             Requested size: 292.32187pt x 219.2414pt.
<pics/bab4/PengujianVelocity/1.jpg, id=980, 4175.6pt x 3131.7pt>
File: pics/bab4/PengujianVelocity/1.jpg Graphic file (type jpg)
<use pics/bab4/PengujianVelocity/1.jpg>
Package pdftex.def Info: pics/bab4/PengujianVelocity/1.jpg  used on input line 84.
(pdftex.def)             Requested size: 292.32187pt x 219.2414pt.
 [35 <./pics/bab4/PengujianRange/9/Masuk.jpg>]
<pics/bab4/PengujianVelocity/3.jpg, id=986, 4175.6pt x 3131.7pt>
File: pics/bab4/PengujianVelocity/3.jpg Graphic file (type jpg)
<use pics/bab4/PengujianVelocity/3.jpg>
Package pdftex.def Info: pics/bab4/PengujianVelocity/3.jpg  used on input line 95.
(pdftex.def)             Requested size: 292.32187pt x 219.2414pt.
 [36 <./pics/bab4/PengujianVelocity/1.jpg> <./pics/bab4/PengujianVelocity/3.jpg>]
<pics/bab4/RealPartRx.jpg, id=993, 562.1pt x 421.575pt>
File: pics/bab4/RealPartRx.jpg Graphic file (type jpg)
<use pics/bab4/RealPartRx.jpg>
Package pdftex.def Info: pics/bab4/RealPartRx.jpg  used on input line 116.
(pdftex.def)             Requested size: 281.04932pt x 210.78697pt.
 [37 <./pics/bab4/RealPartRx.jpg>]
<pics/bab4/InstFreq.jpg, id=1000, 562.1pt x 421.575pt>
File: pics/bab4/InstFreq.jpg Graphic file (type jpg)
<use pics/bab4/InstFreq.jpg>
Package pdftex.def Info: pics/bab4/InstFreq.jpg  used on input line 125.
(pdftex.def)             Requested size: 281.04932pt x 210.78697pt.
) [38 <./pics/bab4/InstFreq.jpg>]
\openout2 = `bab5.aux'.

 (./bab5.tex
BAB V.

Package hyperref Warning: Token not allowed in a PDF string (Unicode):
(hyperref)                removing `\uppercase' on input line 2.

<pics/bab5/Range/1_3.jpg, id=1006, 562.1pt x 421.575pt>
File: pics/bab5/Range/1_3.jpg Graphic file (type jpg)
<use pics/bab5/Range/1_3.jpg>
Package pdftex.def Info: pics/bab5/Range/1_3.jpg  used on input line 16.
(pdftex.def)             Requested size: 196.73795pt x 147.55345pt.

Overfull \hbox (17.4868pt too wide) in paragraph at lines 16--17
 [][] 
 []


Underfull \hbox (badness 4467) in paragraph at lines 17--17
[]\T1/ntxtlf/b/n/10.95 (a) |\T1/ntxtlf/m/n/10.95 Ni-lai \T1/ntxtlf/m/it/10.95 beat fre-quency \T1/ntxtlf/m/n/10.95 3 me-ter
 []

<pics/bab5/Range/2_3.jpg, id=1007, 562.1pt x 421.575pt>
File: pics/bab5/Range/2_3.jpg Graphic file (type jpg)
<use pics/bab5/Range/2_3.jpg>
Package pdftex.def Info: pics/bab5/Range/2_3.jpg  used on input line 23.
(pdftex.def)             Requested size: 196.73795pt x 147.55345pt.

Overfull \hbox (17.4868pt too wide) in paragraph at lines 23--24
 [][] 
 []


Underfull \hbox (badness 4266) in paragraph at lines 24--24
[]\T1/ntxtlf/b/n/10.95 (b) |\T1/ntxtlf/m/n/10.95 Ni-lai \T1/ntxtlf/m/it/10.95 beat fre-quency \T1/ntxtlf/m/n/10.95 3 me-ter
 []

<pics/bab5/Range/3_3.jpg, id=1008, 562.1pt x 421.575pt>
File: pics/bab5/Range/3_3.jpg Graphic file (type jpg)
<use pics/bab5/Range/3_3.jpg>
Package pdftex.def Info: pics/bab5/Range/3_3.jpg  used on input line 30.
(pdftex.def)             Requested size: 196.73795pt x 147.55345pt.
[39




 <./pics/bab5/Range/1_3.jpg> <./pics/bab5/Range/2_3.jpg> <./pics/bab5/Range/3_3.jpg>]
<pics/bab5/Range/1_6.jpg, id=1022, 562.1pt x 421.575pt>
File: pics/bab5/Range/1_6.jpg Graphic file (type jpg)
<use pics/bab5/Range/1_6.jpg>
Package pdftex.def Info: pics/bab5/Range/1_6.jpg  used on input line 61.
(pdftex.def)             Requested size: 196.73795pt x 147.55345pt.

Overfull \hbox (17.4868pt too wide) in paragraph at lines 61--62
 [][] 
 []


Underfull \hbox (badness 4467) in paragraph at lines 62--62
[]\T1/ntxtlf/b/n/10.95 (a) |\T1/ntxtlf/m/n/10.95 Ni-lai \T1/ntxtlf/m/it/10.95 beat fre-quency \T1/ntxtlf/m/n/10.95 6 me-ter
 []

<pics/bab5/Range/2_6.jpg, id=1023, 562.1pt x 421.575pt>
File: pics/bab5/Range/2_6.jpg Graphic file (type jpg)
<use pics/bab5/Range/2_6.jpg>
Package pdftex.def Info: pics/bab5/Range/2_6.jpg  used on input line 68.
(pdftex.def)             Requested size: 196.73795pt x 147.55345pt.

Overfull \hbox (17.4868pt too wide) in paragraph at lines 68--69
 [][] 
 []


Underfull \hbox (badness 4266) in paragraph at lines 69--69
[]\T1/ntxtlf/b/n/10.95 (b) |\T1/ntxtlf/m/n/10.95 Ni-lai \T1/ntxtlf/m/it/10.95 beat fre-quency \T1/ntxtlf/m/n/10.95 6 me-ter
 []

<pics/bab5/Range/3_6.jpg, id=1024, 562.1pt x 421.575pt>
File: pics/bab5/Range/3_6.jpg Graphic file (type jpg)
<use pics/bab5/Range/3_6.jpg>
Package pdftex.def Info: pics/bab5/Range/3_6.jpg  used on input line 75.
(pdftex.def)             Requested size: 196.73795pt x 147.55345pt.
[40]
<pics/bab5/Range/1_9.jpg, id=1038, 562.1pt x 421.575pt>
File: pics/bab5/Range/1_9.jpg Graphic file (type jpg)
<use pics/bab5/Range/1_9.jpg>
Package pdftex.def Info: pics/bab5/Range/1_9.jpg  used on input line 93.
(pdftex.def)             Requested size: 168.6313pt x 126.47346pt.

Underfull \hbox (badness 4467) in paragraph at lines 94--94
[]\T1/ntxtlf/b/n/10.95 (a) |\T1/ntxtlf/m/n/10.95 Ni-lai \T1/ntxtlf/m/it/10.95 beat fre-quency \T1/ntxtlf/m/n/10.95 9 me-ter
 []

<pics/bab5/Range/2_9.jpg, id=1039, 562.1pt x 421.575pt>
File: pics/bab5/Range/2_9.jpg Graphic file (type jpg)
<use pics/bab5/Range/2_9.jpg>
Package pdftex.def Info: pics/bab5/Range/2_9.jpg  used on input line 100.
(pdftex.def)             Requested size: 196.73795pt x 147.55345pt.

Overfull \hbox (17.4868pt too wide) in paragraph at lines 100--101
 [][] 
 []


Underfull \hbox (badness 4266) in paragraph at lines 101--101
[]\T1/ntxtlf/b/n/10.95 (b) |\T1/ntxtlf/m/n/10.95 Ni-lai \T1/ntxtlf/m/it/10.95 beat fre-quency \T1/ntxtlf/m/n/10.95 9 me-ter
 []

<pics/bab5/Range/3_9.jpg, id=1040, 562.1pt x 421.575pt>
File: pics/bab5/Range/3_9.jpg Graphic file (type jpg)
<use pics/bab5/Range/3_9.jpg>
Package pdftex.def Info: pics/bab5/Range/3_9.jpg  used on input line 107.
(pdftex.def)             Requested size: 196.73795pt x 147.55345pt.
[41 <./pics/bab5/Range/1_6.jpg> <./pics/bab5/Range/2_6.jpg> <./pics/bab5/Range/3_6.jpg>] [42 <./pics/bab5/Range/1_9.jpg> <./pics/bab5/Range/2_9.jpg> <./pics/bab5/Range/3_9.jpg>]
<pics/bab5/Velocity/5MA.jpg, id=1056, 562.1pt x 421.575pt>
File: pics/bab5/Velocity/5MA.jpg Graphic file (type jpg)
<use pics/bab5/Velocity/5MA.jpg>
Package pdftex.def Info: pics/bab5/Velocity/5MA.jpg  used on input line 130.
(pdftex.def)             Requested size: 224.83601pt x 168.627pt.

Overfull \hbox (45.58487pt too wide) in paragraph at lines 130--131
 [][] 
 []

<pics/bab5/Velocity/5MT.jpg, id=1057, 562.1pt x 421.575pt>
File: pics/bab5/Velocity/5MT.jpg Graphic file (type jpg)
<use pics/bab5/Velocity/5MT.jpg>
Package pdftex.def Info: pics/bab5/Velocity/5MT.jpg  used on input line 137.
(pdftex.def)             Requested size: 224.83601pt x 168.627pt.

Overfull \hbox (45.58487pt too wide) in paragraph at lines 137--138
 [][] 
 []

<pics/bab5/Velocity/10MA.jpg, id=1061, 562.1pt x 421.575pt>
File: pics/bab5/Velocity/10MA.jpg Graphic file (type jpg)
<use pics/bab5/Velocity/10MA.jpg>
Package pdftex.def Info: pics/bab5/Velocity/10MA.jpg  used on input line 153.
(pdftex.def)             Requested size: 224.83601pt x 168.627pt.

Overfull \hbox (45.58487pt too wide) in paragraph at lines 153--154
 [][] 
 []

<pics/bab5/Velocity/10MT.jpg, id=1062, 562.1pt x 421.575pt>
File: pics/bab5/Velocity/10MT.jpg Graphic file (type jpg)
<use pics/bab5/Velocity/10MT.jpg>
Package pdftex.def Info: pics/bab5/Velocity/10MT.jpg  used on input line 160.
(pdftex.def)             Requested size: 224.83601pt x 168.627pt.

Overfull \hbox (45.58487pt too wide) in paragraph at lines 160--161
 [][] 
 []

[43 <./pics/bab5/Velocity/5MA.jpg> <./pics/bab5/Velocity/5MT.jpg>]
<pics/bab5/Velocity/15MA.jpg, id=1068, 562.1pt x 421.575pt>
File: pics/bab5/Velocity/15MA.jpg Graphic file (type jpg)
<use pics/bab5/Velocity/15MA.jpg>
Package pdftex.def Info: pics/bab5/Velocity/15MA.jpg  used on input line 176.
(pdftex.def)             Requested size: 224.83601pt x 168.627pt.

Overfull \hbox (45.58487pt too wide) in paragraph at lines 176--177
 [][] 
 []

<pics/bab5/Velocity/15MT.jpg, id=1069, 562.1pt x 421.575pt>
File: pics/bab5/Velocity/15MT.jpg Graphic file (type jpg)
<use pics/bab5/Velocity/15MT.jpg>
Package pdftex.def Info: pics/bab5/Velocity/15MT.jpg  used on input line 183.
(pdftex.def)             Requested size: 224.83601pt x 168.627pt.

Overfull \hbox (45.58487pt too wide) in paragraph at lines 183--184
 [][] 
 []

[44 <./pics/bab5/Velocity/10MA.jpg> <./pics/bab5/Velocity/10MT.jpg> <./pics/bab5/Velocity/15MA.jpg> <./pics/bab5/Velocity/15MT.jpg>]
<pics/bab5/Velocity/20MA.jpg, id=1076, 562.1pt x 421.575pt>
File: pics/bab5/Velocity/20MA.jpg Graphic file (type jpg)
<use pics/bab5/Velocity/20MA.jpg>
Package pdftex.def Info: pics/bab5/Velocity/20MA.jpg  used on input line 199.
(pdftex.def)             Requested size: 224.83601pt x 168.627pt.

Overfull \hbox (45.58487pt too wide) in paragraph at lines 199--200
 [][] 
 []

<pics/bab5/Velocity/20MT.jpg, id=1077, 562.1pt x 421.575pt>
File: pics/bab5/Velocity/20MT.jpg Graphic file (type jpg)
<use pics/bab5/Velocity/20MT.jpg>
Package pdftex.def Info: pics/bab5/Velocity/20MT.jpg  used on input line 206.
(pdftex.def)             Requested size: 224.83601pt x 168.627pt.

Overfull \hbox (45.58487pt too wide) in paragraph at lines 206--207
 [][] 
 []


Overfull \hbox (32.77335pt too wide) in paragraph at lines 225--233
[][] 
 []

[45 <./pics/bab5/Velocity/20MA.jpg> <./pics/bab5/Velocity/20MT.jpg>] [46]) [47]
\openout2 = `bab6.aux'.

 (./bab6.tex
BAB VI.

Package hyperref Warning: Token not allowed in a PDF string (Unicode):
(hyperref)                removing `\uppercase' on input line 2.


Underfull \hbox (badness 1715) in paragraph at lines 24--25
[]\T1/ntxtlf/m/n/12 Menggunakan ob-jek den-gan \T1/ntxtlf/m/it/12 Radar cross sec-tion \T1/ntxtlf/m/n/12 lebih be-sar un-tuk
 []

[48




]) [49]
\openout2 = `pustaka.aux'.

 (./pustaka.tex (./main.bbl
Underfull \hbox (badness 1755) in paragraph at lines 16--17
[]\T1/ntxtlf/m/n/12 D. A. Mora-Huaman, F. Palomino Quispe, R. J. Coaquira-Castillo,
 []


Underfull \hbox (badness 1466) in paragraph at lines 16--17
\T1/ntxtlf/m/n/12 and M. Clemente-Arenas, ``\T1/ntxtlf/m/it/12 Dis-tance to Ob-ject Es-ti-ma-tion Based on
 []


Underfull \hbox (badness 1210) in paragraph at lines 16--17
\T1/ntxtlf/m/it/12 Soft-ware De-fined Ra-dio USRP us-ing Python\T1/ntxtlf/m/n/12 ,'' in \T1/ntxtlf/m/it/12 2020 IEEE XXVII
 []


Underfull \hbox (badness 2269) in paragraph at lines 16--17
\T1/ntxtlf/m/it/12 In-ter-na-tional Con-fer-ence on Elec-tron-ics, Elec-tri-cal En-gi-neer-ing and
 []


Underfull \hbox (badness 1057) in paragraph at lines 22--23
[]\T1/ntxtlf/m/n/12 K. Stasiak and P. Sam-czyn-ski, ``\T1/ntxtlf/m/it/12 FMCW Radar Im-ple-mented in SDR
 []

[50




] [51] [52])) [53]
\openout2 = `markLampiran.aux'.

 (./markLampiran.tex
LaTeX Font Info:    Font shape `T1/ntxtlf/m/n' will be
(Font)              scaled to size 24.88pt on input line 11.
 [1



])
\openout2 = `lampiran.aux'.

 (./lampiran.tex
<pics/Lampiran/Horizonal.jpg, id=1131, 4175.6pt x 3131.7pt>
File: pics/Lampiran/Horizonal.jpg Graphic file (type jpg)
<use pics/Lampiran/Horizonal.jpg>
Package pdftex.def Info: pics/Lampiran/Horizonal.jpg  used on input line 8.
(pdftex.def)             Requested size: 334.05482pt x 250.54112pt.
<pics/Lampiran/Vertikal.jpg, id=1132, 4175.6pt x 3131.7pt>
File: pics/Lampiran/Vertikal.jpg Graphic file (type jpg)
<use pics/Lampiran/Vertikal.jpg>
Package pdftex.def Info: pics/Lampiran/Vertikal.jpg  used on input line 15.
(pdftex.def)             Requested size: 334.05482pt x 250.54112pt.

pdfTeX warning (ext4): destination with the same identifier (name{page.}) has been already used, duplicate ignored
<to be read again> 
                   \relax 
l.21 \chapter
             *{Lampiran B} [2




 <./pics/Lampiran/Horizonal.jpg> <./pics/Lampiran/Vertikal.jpg>] (c:/texlive/2023/texmf-dist/tex/latex/listings/lstlang1.sty
File: lstlang1.sty 2024/02/21 1.10 listings language file
)
Package hyperref Info: bookmark level for unknown lstlisting defaults to 0 on input line 24.
 (./pics/Lampiran/ReadTransmitSignal.m
LaTeX Font Info:    Font shape `T1/ntxtlf/m/n' will be
(Font)              scaled to size 10.0pt on input line 1.
LaTeX Font Info:    Font shape `T1/ntxtlf/m/n' will be
(Font)              scaled to size 6.0pt on input line 1.

Overfull \hbox (33.6658pt too wide) in paragraph at lines 18--19
[][][][][][][][][][][][][][][][][][][][][][][][][][][][][]  
 []

)
pdfTeX warning (ext4): destination with the same identifier (name{page.}) has been already used, duplicate ignored
<to be read again> 
                   \relax 
l.28 \chapter
             *{Lampiran C} [3

] (./pics/Lampiran/postProcessingRange.m
Overfull \hbox (33.6658pt too wide) in paragraph at lines 6--8
[][][][][][][][][][][][][][][][][][][][][][][][][][][][][]  
 []


Overfull \hbox (27.66574pt too wide) in paragraph at lines 17--19
[][][][][][][][][][][][][][][][][][][][][][][][][][][][][][][][][][][][][][][][][][][][][][][][][][][][][][][][][][][][][][][][][][][][][][][][][][][]  
 []

)
Overfull \hbox (69.66617pt too wide) in paragraph at lines 25--31
[][][][][][][][][][][][][][][][][][][][][][][][][][][][][][][][][][][][][][][][][][][][][][][][][][][][][][][][][][][][][][][][][][][][][][][][][][][][][][][][][][][][][][][][][][][]  
 []

)
pdfTeX warning (ext4): destination with the same identifier (name{page.}) has been already used, duplicate ignored
<to be read again> 
                   \relax 
l.93 	\include{lampiran}
                         [4

] (./main.aux (./sampul.aux) (./pengesahan.aux) (./orisinalitas.aux) (./abstrak.aux) (./abstract.aux) (./pengantar.aux) (./listofappendix.aux) (./daftarIstilah.aux) (./bab1.aux) (./bab2.aux) (./bab3.aux) (./bab4.aux) (./bab5.aux) (./bab6.aux) (./pustaka.aux) (./markLampiran.aux) (./lampiran.aux))
 ***********
LaTeX2e <2023-11-01> patch level 1
L3 programming layer <2020/03/25>
 ***********
Package rerunfilecheck Info: File `main.out' has not changed.
(rerunfilecheck)             Checksum: 6C4D324A5AF0A8693177FA97344BB351;11707.
 ) 
Here is how much of TeX's memory you used:
 34528 strings out of 474137
 663750 string characters out of 5748518
 2171190 words of memory out of 5000000
 55834 multiletter control sequences out of 15000+600000
 630557 words of font info for 104 fonts, out of 8000000 for 9000
 1141 hyphenation exceptions out of 8191
 99i,14n,131p,1141b,1965s stack positions out of 10000i,1000n,20000p,200000b,200000s
<c:/texlive/2023/texmf-dist/fonts/type1/public/amsfonts/cm/cmex10.pfb><c:/texlive/2023/texmf-dist/fonts/type1/public/amsfonts/cm/cmmi10.pfb><c:/texlive/2023/texmf-dist/fonts/type1/public/amsfonts/cm/cmr10.pfb><c:/texlive/2023/texmf-dist/fonts/type1/public/amsfonts/cm/cmsy10.pfb><c:/texlive/2023/texmf-dist/fonts/type1/public/tex-gyre/qtmr.pfb><c:/texlive/2023/texmf-dist/fonts/type1/urw/courier/ucrr8a.pfb><c:/texlive/2023/texmf-dist/fonts/type1/urw/symbol/usyr.pfb><c:/texlive/2023/texmf-dist/fonts/type1/urw/times/utmr8a.pfb><c:/texlive/2023/texmf-dist/fonts/type1/urw/times/utmri8a.pfb><c:/texlive/2023/texmf-dist/fonts/type1/public/newtx/ztmb.pfb><c:/texlive/2023/texmf-dist/fonts/type1/public/newtx/ztmbi.pfb><c:/texlive/2023/texmf-dist/fonts/type1/public/newtx/ztmr.pfb><c:/texlive/2023/texmf-dist/fonts/type1/public/newtx/ztmri.pfb>
Output written on main.pdf (72 pages, 18942782 bytes).
PDF statistics:
 1346 PDF objects out of 1440 (max. 8388607)
 1162 compressed objects within 12 object streams
 331 named destinations out of 1000 (max. 500000)
 812 words of extra memory for PDF output out of 10000 (max. 10000000)

